   Compiling ../../pie_tb.cpp in debug mode
   Compiling ../../frameSIPO.cpp in debug mode
   Generating csim.exe
Attempting to open files... 
Running DUT 

byte 0 = 0xdd
byte 1 = 0xdd
byte 2 = 0xdd
byte 3 = 0xdd
byte 4 = 0xdd
byte 5 = 0xdd
byte 6 = 0xdd
byte 7 = 0xdd
byte 8 = 0xdd
byte 9 = 0xdd
byte 10 = 0xdd
byte 11 = 0xdd
byte 12 = 0xdd
byte 13 = 0xdd
byte 14 = 0xdd
byte 15 = 0xdd
byte 16 = 0xdd
byte 17 = 0xdd
byte 18 = 0xdd
byte 19 = 0xdd
byte 20 = 0xdd
byte 21 = 0xdd
byte 22 = 0xdd
byte 23 = 0xdd
byte 24 = 0xdd
byte 25 = 0xdd
byte 26 = 0xdd
byte 27 = 0xdd
byte 28 = 0xdd
byte 29 = 0xdd
byte 30 = 0xdd
byte 31 = 0xdd
byte 32 = 0xdd
byte 33 = 0xdd
byte 34 = 0xdd
byte 35 = 0xdd
byte 36 = 0xdd
byte 37 = 0xdd
byte 38 = 0xdd
byte 39 = 0xdd
byte 40 = 0xdd
byte 41 = 0xdd
byte 42 = 0xdd
byte 43 = 0xdd
byte 44 = 0xdd
byte 45 = 0xdd
byte 46 = 0xdd
byte 47 = 0xdd
byte 48 = 0xdd
byte 49 = 0xdd
byte 50 = 0xdd
byte 51 = 0xdd
byte 52 = 0xdd
byte 53 = 0xdd
byte 54 = 0xdd
byte 55 = 0xdd
byte 56 = 0xdd
byte 57 = 0xdd
byte 58 = 0xdd
byte 59 = 0xdd
byte 60 = 0xd5
byte 61 = 0x34
byte 62 = 0x17
byte 63 = 0xeb
byte 64 = 0xba
byte 65 = 0x8f
byte 66 = 0x66
byte 67 = 0x4a
byte 68 = 0x1d
byte 69 = 0x70
byte 70 = 0x64
byte 71 = 0x21
byte 72 = 0x96
byte 73 = 0x8
byte 74 = 0x6
byte 75 = 0x0
byte 76 = 0x1
byte 77 = 0x8
byte 78 = 0x0
byte 79 = 0x6
byte 80 = 0x4
byte 81 = 0x0
byte 82 = 0x1
byte 83 = 0x4a
byte 84 = 0x1d
byte 85 = 0x70
byte 86 = 0x64
byte 87 = 0x21
byte 88 = 0x96
byte 89 = 0x1
byte 90 = 0x1
byte 91 = 0x0
byte 92 = 0x0
byte 93 = 0x0
byte 94 = 0x0
byte 95 = 0x0
byte 96 = 0x0
byte 97 = 0x1
byte 98 = 0x14
byte 99 = 0x2e
byte 100 = 0x0
byte 101 = 0x64
byte 102 = 0x6f
byte 103 = 0x72
byte 104 = 0x0
byte 105 = 0x0
byte 106 = 0x0
byte 107 = 0x0
byte 108 = 0x0
byte 109 = 0x0
byte 110 = 0x0
byte 111 = 0x0
byte 112 = 0x0
byte 113 = 0x0
byte 114 = 0x0
byte 115 = 0x0
byte 116 = 0xdd
byte 117 = 0xdd
byte 118 = 0xdd
byte 119 = 0xdd
byte 120 = 0xdd
byte 121 = 0xdd
byte 122 = 0xdd
byte 123 = 0xdd
byte 124 = 0xdd
byte 125 = 0xdd
byte 126 = 0xdd
byte 127 = 0xdd
byte 128 = 0xdd
byte 129 = 0xdd
byte 130 = 0xdd
byte 131 = 0xdd
byte 132 = 0xdd
byte 133 = 0xdd
byte 134 = 0xdd
byte 135 = 0xdd
byte 136 = 0xdd
byte 137 = 0xdd
byte 138 = 0xdd
byte 139 = 0xdd
byte 140 = 0xdd
byte 141 = 0xdd
byte 142 = 0xdd
byte 143 = 0xdd
byte 144 = 0xdd
byte 145 = 0xdd
byte 146 = 0xdd
byte 147 = 0xdd
byte 148 = 0xdd
byte 149 = 0xdd
byte 150 = 0xdd
byte 151 = 0xdd
byte 152 = 0xdd
byte 153 = 0xdd
byte 154 = 0xdd
byte 155 = 0xdd
byte 156 = 0xdd
byte 157 = 0xdd
byte 158 = 0xdd
byte 159 = 0xdd
byte 160 = 0xdd
byte 161 = 0xdd
byte 162 = 0xdd
byte 163 = 0xdd
byte 164 = 0xdd
byte 165 = 0xdd
byte 166 = 0xdd
byte 167 = 0xdd
byte 168 = 0xdd
byte 169 = 0xdd
byte 170 = 0xdd
byte 171 = 0xdd
byte 172 = 0xdd
byte 173 = 0xdd
byte 174 = 0xdd
byte 175 = 0xdd
byte 176 = 0xdd
byte 177 = 0xdd
byte 178 = 0xdd
byte 179 = 0xdd
byte 180 = 0xdd
byte 181 = 0xdd
byte 182 = 0xdd
byte 183 = 0xdd
byte 184 = 0xdd
byte 185 = 0xdd
byte 186 = 0xdd
byte 187 = 0xdd
byte 188 = 0xdd
byte 189 = 0xdd
byte 190 = 0xdd
byte 191 = 0xdd
byte 192 = 0xdd
byte 193 = 0xdd
byte 194 = 0xdd
byte 195 = 0xdd
byte 196 = 0xdd
byte 197 = 0xdd
byte 198 = 0xdd
byte 199 = 0xdd
byte 200 = 0xdd
byte 201 = 0xdd
byte 202 = 0xdd
byte 203 = 0xdd
byte 204 = 0xdd
byte 205 = 0xdd
byte 206 = 0xdd
byte 207 = 0xdd
byte 208 = 0xdd
byte 209 = 0xdd
byte 210 = 0xdd
byte 211 = 0xdd
byte 212 = 0xdd
byte 213 = 0xdd
byte 214 = 0xdd
byte 215 = 0xdd
byte 216 = 0xdd
byte 217 = 0xdd
byte 218 = 0xdd
byte 219 = 0xdd
byte 220 = 0xdd
byte 221 = 0xdd
byte 222 = 0xdd
byte 223 = 0xdd
byte 224 = 0xdd
byte 225 = 0xdd
byte 226 = 0xdd
byte 227 = 0xdd
byte 228 = 0xdd
byte 229 = 0xdd
byte 230 = 0xdd
byte 231 = 0xdd
byte 232 = 0xdd
byte 233 = 0xdd
byte 234 = 0xdd
byte 235 = 0xdd
byte 236 = 0xdd
byte 237 = 0xdd
byte 238 = 0xdd
byte 239 = 0xdd
byte 240 = 0xdd
byte 241 = 0xdd
byte 242 = 0xdd
byte 243 = 0xdd
byte 244 = 0xdd
byte 245 = 0xdd
byte 246 = 0xdd
byte 247 = 0xdd
byte 248 = 0xdd
byte 249 = 0xdd
byte 250 = 0xdd
byte 251 = 0xdd
byte 252 = 0xdd
byte 253 = 0xdd
byte 254 = 0xdd
byte 255 = 0xdd
byte 256 = 0xdd
byte 257 = 0xdd
byte 258 = 0xdd
byte 259 = 0xdd
byte 260 = 0xdd
byte 261 = 0xdd
byte 262 = 0xdd
byte 263 = 0xdd
byte 264 = 0xdd
byte 265 = 0xdd
byte 266 = 0xdd
byte 267 = 0xdd
byte 268 = 0xdd
byte 269 = 0xdd
byte 270 = 0xdd
byte 271 = 0xdd
byte 272 = 0xdd
byte 273 = 0xdd
byte 274 = 0xdd
byte 275 = 0xdd
byte 276 = 0xdd
byte 277 = 0xdd
byte 278 = 0xdd
byte 279 = 0xdd
byte 280 = 0xdd
byte 281 = 0xdd
byte 282 = 0xdd
byte 283 = 0xdd
byte 284 = 0xdd
byte 285 = 0xdd
byte 286 = 0xdd
byte 287 = 0xdd
byte 288 = 0xdd
byte 289 = 0xdd
byte 290 = 0xdd
byte 291 = 0xdd
byte 292 = 0xdd
byte 293 = 0xdd
byte 294 = 0xdd
byte 295 = 0xdd
byte 296 = 0xdd
byte 297 = 0xdd
byte 298 = 0xdd
byte 299 = 0xdd
byte 300 = 0xdd
byte 301 = 0xdd
byte 302 = 0xdd
byte 303 = 0xdd
byte 304 = 0xdd
byte 305 = 0xdd
byte 306 = 0xdd
byte 307 = 0xdd
byte 308 = 0xdd
byte 309 = 0xdd
byte 310 = 0xdd
byte 311 = 0xdd
byte 312 = 0xdd
byte 313 = 0xdd
byte 314 = 0xdd
byte 315 = 0xdd
byte 316 = 0xdd
byte 317 = 0xdd
byte 318 = 0xdd
byte 319 = 0xdd
byte 320 = 0xdd
byte 321 = 0xdd
byte 322 = 0xdd
byte 323 = 0xdd
byte 324 = 0xdd
byte 325 = 0xdd
byte 326 = 0xdd
byte 327 = 0xdd
byte 328 = 0xdd
byte 329 = 0xdd
byte 330 = 0xdd
byte 331 = 0xdd
byte 332 = 0xdd
byte 333 = 0xdd
byte 334 = 0xdd
byte 335 = 0xdd
byte 336 = 0xdd
byte 337 = 0xdd
byte 338 = 0xdd
byte 339 = 0xdd
byte 340 = 0xdd
byte 341 = 0xdd
byte 342 = 0xdd
byte 343 = 0xdd
byte 344 = 0xdd
byte 345 = 0xdd
byte 346 = 0xdd
byte 347 = 0xdd
byte 348 = 0xdd
byte 349 = 0xdd
byte 350 = 0xdd
byte 351 = 0xdd
byte 352 = 0xdd
byte 353 = 0xdd
byte 354 = 0xdd
byte 355 = 0xdd
byte 356 = 0xdd
byte 357 = 0xdd
byte 358 = 0xdd
byte 359 = 0xdd
byte 360 = 0xdd
byte 361 = 0xdd
byte 362 = 0xdd
byte 363 = 0xdd
byte 364 = 0xdd
byte 365 = 0xdd
byte 366 = 0xdd
byte 367 = 0xdd
byte 368 = 0xdd
byte 369 = 0xdd
byte 370 = 0xdd
byte 371 = 0xdd
byte 372 = 0xdd
byte 373 = 0xdd
byte 374 = 0xdd
byte 375 = 0xdd
byte 376 = 0xdd
byte 377 = 0xdd
byte 378 = 0xdd
byte 379 = 0xdd
byte 380 = 0xdd
byte 381 = 0xdd
byte 382 = 0xdd
byte 383 = 0xdd
byte 384 = 0xdd
byte 385 = 0xdd
byte 386 = 0xdd
byte 387 = 0xdd
byte 388 = 0xdd
byte 389 = 0xdd
byte 390 = 0xdd
byte 391 = 0xdd
byte 392 = 0xdd
byte 393 = 0xdd
byte 394 = 0xdd
byte 395 = 0xdd
byte 396 = 0xdd
byte 397 = 0xdd
byte 398 = 0xdd
byte 399 = 0xdd
byte 400 = 0xdd
byte 401 = 0xdd
byte 402 = 0xdd
byte 403 = 0xdd
byte 404 = 0xdd
byte 405 = 0xdd
byte 406 = 0xdd
byte 407 = 0xdd
byte 408 = 0xd5
byte 409 = 0xff
byte 410 = 0xff
byte 411 = 0xff
byte 412 = 0xff
byte 413 = 0xff
byte 414 = 0xff
byte 415 = 0x34
byte 416 = 0x17
byte 417 = 0xeb
byte 418 = 0xba
byte 419 = 0x8f
byte 420 = 0x66
byte 421 = 0x8
byte 422 = 0x0
byte 423 = 0x45
byte 424 = 0x0
byte 425 = 0x1
byte 426 = 0x13
byte 427 = 0x33
byte 428 = 0x22
byte 429 = 0x40
byte 430 = 0x0
byte 431 = 0x40
byte 432 = 0x11
byte 433 = 0xf2
byte 434 = 0xa3
byte 435 = 0x1
byte 436 = 0x14
byte 437 = 0xff
byte 438 = 0xff
byte 439 = 0xff
byte 440 = 0xff
byte 441 = 0x44
byte 442 = 0x5c
byte 443 = 0x44
byte 444 = 0x5c
byte 445 = 0x0
byte 446 = 0xff
byte 447 = 0x15
byte 448 = 0x25
byte 449 = 0x7b
byte 450 = 0x22
byte 451 = 0x68
byte 452 = 0x6f
byte 453 = 0x73
byte 454 = 0x74
byte 455 = 0x5f
byte 456 = 0x69
byte 457 = 0x6e
byte 458 = 0x74
byte 459 = 0x22
byte 460 = 0x3a
byte 461 = 0x31
byte 462 = 0x38
byte 463 = 0x38
byte 464 = 0x35
byte 465 = 0x35
byte 466 = 0x33
byte 467 = 0x34
byte 468 = 0x32
byte 469 = 0x32
byte 470 = 0x39
byte 471 = 0x30
byte 472 = 0x38
byte 473 = 0x32
byte 474 = 0x30
byte 475 = 0x36
byte 476 = 0x34
byte 477 = 0x35
byte 478 = 0x37
byte 479 = 0x32
byte 480 = 0x35
byte 481 = 0x36
byte 482 = 0x35
byte 483 = 0x39
byte 484 = 0x37
byte 485 = 0x38
byte 486 = 0x30
byte 487 = 0x37
byte 488 = 0x33
byte 489 = 0x31
byte 490 = 0x35
byte 491 = 0x33
byte 492 = 0x37
byte 493 = 0x32
byte 494 = 0x35
byte 495 = 0x37
byte 496 = 0x38
byte 497 = 0x39
byte 498 = 0x38
byte 499 = 0x37
byte 500 = 0x2c
byte 501 = 0x22
byte 502 = 0x76
byte 503 = 0x65
byte 504 = 0x72
byte 505 = 0x73
byte 506 = 0x69
byte 507 = 0x6f
byte 508 = 0x6e
byte 509 = 0x22
byte 510 = 0x3a
byte 511 = 0x5b
byte 512 = 0x32
byte 513 = 0x2c
byte 514 = 0x30
byte 515 = 0x5d
byte 516 = 0x2c
byte 517 = 0x22
byte 518 = 0x64
byte 519 = 0x69
byte 520 = 0x73
byte 521 = 0x70
byte 522 = 0x6c
byte 523 = 0x61
byte 524 = 0x79
byte 525 = 0x6e
byte 526 = 0x61
byte 527 = 0x6d
byte 528 = 0x65
byte 529 = 0x22
byte 530 = 0x3a
byte 531 = 0x22
byte 532 = 0x22
byte 533 = 0x2c
byte 534 = 0x22
byte 535 = 0x70
byte 536 = 0x6f
byte 537 = 0x72
byte 538 = 0x74
byte 539 = 0x22
byte 540 = 0x3a
byte 541 = 0x31
byte 542 = 0x37
byte 543 = 0x35
byte 544 = 0x30
byte 545 = 0x30
byte 546 = 0x2c
byte 547 = 0x22
byte 548 = 0x6e
byte 549 = 0x61
byte 550 = 0x6d
byte 551 = 0x65
byte 552 = 0x73
byte 553 = 0x70
byte 554 = 0x61
byte 555 = 0x63
byte 556 = 0x65
byte 557 = 0x73
byte 558 = 0x22
byte 559 = 0x3a
byte 560 = 0x5b
byte 561 = 0x31
byte 562 = 0x31
byte 563 = 0x35
byte 564 = 0x34
byte 565 = 0x32
byte 566 = 0x31
byte 567 = 0x31
byte 568 = 0x32
byte 569 = 0x30
byte 570 = 0x31
byte 571 = 0x2c
byte 572 = 0x37
byte 573 = 0x33
byte 574 = 0x37
byte 575 = 0x38
byte 576 = 0x35
byte 577 = 0x39
byte 578 = 0x39
byte 579 = 0x34
byte 580 = 0x32
byte 581 = 0x2c
byte 582 = 0x31
byte 583 = 0x31
byte 584 = 0x37
byte 585 = 0x37
byte 586 = 0x37
byte 587 = 0x33
byte 588 = 0x36
byte 589 = 0x37
byte 590 = 0x31
byte 591 = 0x31
byte 592 = 0x2c
byte 593 = 0x39
byte 594 = 0x34
byte 595 = 0x37
byte 596 = 0x39
byte 597 = 0x39
byte 598 = 0x34
byte 599 = 0x37
byte 600 = 0x35
byte 601 = 0x33
byte 602 = 0x2c
byte 603 = 0x31
byte 604 = 0x39
byte 605 = 0x33
byte 606 = 0x39
byte 607 = 0x37
byte 608 = 0x36
byte 609 = 0x39
byte 610 = 0x30
byte 611 = 0x36
byte 612 = 0x2c
byte 613 = 0x31
byte 614 = 0x32
byte 615 = 0x36
byte 616 = 0x36
byte 617 = 0x36
byte 618 = 0x35
byte 619 = 0x36
byte 620 = 0x37
byte 621 = 0x39
byte 622 = 0x38
byte 623 = 0x2c
byte 624 = 0x35
byte 625 = 0x39
byte 626 = 0x39
byte 627 = 0x36
byte 628 = 0x31
byte 629 = 0x31
byte 630 = 0x37
byte 631 = 0x30
byte 632 = 0x33
byte 633 = 0x2c
byte 634 = 0x31
byte 635 = 0x30
byte 636 = 0x39
byte 637 = 0x37
byte 638 = 0x39
byte 639 = 0x38
byte 640 = 0x30
byte 641 = 0x31
byte 642 = 0x35
byte 643 = 0x32
byte 644 = 0x2c
byte 645 = 0x39
byte 646 = 0x33
byte 647 = 0x33
byte 648 = 0x31
byte 649 = 0x35
byte 650 = 0x33
byte 651 = 0x31
byte 652 = 0x34
byte 653 = 0x36
byte 654 = 0x2c
byte 655 = 0x39
byte 656 = 0x36
byte 657 = 0x39
byte 658 = 0x37
byte 659 = 0x30
byte 660 = 0x37
byte 661 = 0x32
byte 662 = 0x35
byte 663 = 0x39
byte 664 = 0x2c
byte 665 = 0x36
byte 666 = 0x39
byte 667 = 0x30
byte 668 = 0x38
byte 669 = 0x36
byte 670 = 0x39
byte 671 = 0x32
byte 672 = 0x34
byte 673 = 0x36
byte 674 = 0x5d
byte 675 = 0x7d
byte 676 = 0xdd
byte 677 = 0xdd
byte 678 = 0xdd
byte 679 = 0xdd
byte 680 = 0xdd
byte 681 = 0xdd
byte 682 = 0xdd
byte 683 = 0xdd
byte 684 = 0xdd
byte 685 = 0xdd
byte 686 = 0xdd
byte 687 = 0xdd
byte 688 = 0xdd
byte 689 = 0xdd
byte 690 = 0xdd
byte 691 = 0xdd
byte 692 = 0xdd
byte 693 = 0xdd
byte 694 = 0xdd
byte 695 = 0xdd
byte 696 = 0xdd
byte 697 = 0xdd
byte 698 = 0xdd
byte 699 = 0xdd
byte 700 = 0xdd
byte 701 = 0xdd
byte 702 = 0xdd
byte 703 = 0xdd
byte 704 = 0xdd
byte 705 = 0xdd
byte 706 = 0xdd
byte 707 = 0xdd
byte 708 = 0xdd
byte 709 = 0xdd
byte 710 = 0xdd
byte 711 = 0xdd
byte 712 = 0xdd
byte 713 = 0xdd
byte 714 = 0xdd
byte 715 = 0xdd
byte 716 = 0xdd
byte 717 = 0xdd
byte 718 = 0xdd
byte 719 = 0xdd
byte 720 = 0xdd
byte 721 = 0xdd
byte 722 = 0xdd
byte 723 = 0xdd
byte 724 = 0xdd
byte 725 = 0xdd
byte 726 = 0xdd
byte 727 = 0xdd
byte 728 = 0xdd
byte 729 = 0xdd
byte 730 = 0xdd
byte 731 = 0xdd
byte 732 = 0xdd
byte 733 = 0xdd
byte 734 = 0xdd
byte 735 = 0xdd
byte 736 = 0xdd
byte 737 = 0xdd
byte 738 = 0xdd
byte 739 = 0xdd
byte 740 = 0xdd
byte 741 = 0xdd
byte 742 = 0xdd
byte 743 = 0xdd
byte 744 = 0xdd
byte 745 = 0xdd
byte 746 = 0xdd
byte 747 = 0xdd
byte 748 = 0xdd
byte 749 = 0xdd
byte 750 = 0xdd
byte 751 = 0xdd
byte 752 = 0xdd
byte 753 = 0xdd
byte 754 = 0xdd
byte 755 = 0xdd
byte 756 = 0xdd
byte 757 = 0xdd
byte 758 = 0xdd
byte 759 = 0xdd
byte 760 = 0xdd
byte 761 = 0xdd
byte 762 = 0xdd
byte 763 = 0xdd
byte 764 = 0xdd
byte 765 = 0xdd
byte 766 = 0xdd
byte 767 = 0xdd
byte 768 = 0xdd
byte 769 = 0xdd
byte 770 = 0xdd
byte 771 = 0xdd
byte 772 = 0xdd
byte 773 = 0xdd
byte 774 = 0xdd
byte 775 = 0xdd
byte 776 = 0xdd
byte 777 = 0xdd
byte 778 = 0xdd
byte 779 = 0xdd
byte 780 = 0xdd
byte 781 = 0xdd
byte 782 = 0xdd
byte 783 = 0xdd
byte 784 = 0xdd
byte 785 = 0xdd
byte 786 = 0xdd
byte 787 = 0xdd
byte 788 = 0xdd
byte 789 = 0xdd
byte 790 = 0xdd
byte 791 = 0xdd
byte 792 = 0xdd
byte 793 = 0xdd
byte 794 = 0xdd
byte 795 = 0xdd
byte 796 = 0xdd
byte 797 = 0xdd
byte 798 = 0xdd
byte 799 = 0xdd
byte 800 = 0xdd
byte 801 = 0xdd
byte 802 = 0xdd
byte 803 = 0xdd
byte 804 = 0xdd
byte 805 = 0xdd
byte 806 = 0xdd
byte 807 = 0xdd
byte 808 = 0xdd
byte 809 = 0xdd
byte 810 = 0xdd
byte 811 = 0xdd
byte 812 = 0xdd
byte 813 = 0xdd
byte 814 = 0xdd
byte 815 = 0xdd
byte 816 = 0xdd
byte 817 = 0xdd
byte 818 = 0xdd
byte 819 = 0xdd
byte 820 = 0xdd
byte 821 = 0xdd
byte 822 = 0xdd
byte 823 = 0xdd
byte 824 = 0xdd
byte 825 = 0xdd
byte 826 = 0xdd
byte 827 = 0xdd
byte 828 = 0xdd
byte 829 = 0xdd
byte 830 = 0xdd
byte 831 = 0xdd
byte 832 = 0xdd
byte 833 = 0xdd
byte 834 = 0xdd
byte 835 = 0xdd
byte 836 = 0xdd
byte 837 = 0xdd
byte 838 = 0xdd
byte 839 = 0xdd
byte 840 = 0xdd
byte 841 = 0xdd
byte 842 = 0xdd
byte 843 = 0xdd
byte 844 = 0xdd
byte 845 = 0xdd
byte 846 = 0xdd
byte 847 = 0xdd
byte 848 = 0xdd
byte 849 = 0xdd
byte 850 = 0xdd
byte 851 = 0xdd
byte 852 = 0xdd
byte 853 = 0xdd
byte 854 = 0xdd
byte 855 = 0xdd
byte 856 = 0xdd
byte 857 = 0xdd
byte 858 = 0xdd
byte 859 = 0xdd
byte 860 = 0xdd
byte 861 = 0xdd
byte 862 = 0xdd
byte 863 = 0xdd
byte 864 = 0xdd
byte 865 = 0xdd
byte 866 = 0xdd
byte 867 = 0xdd
byte 868 = 0xdd
byte 869 = 0xdd
byte 870 = 0xdd
byte 871 = 0xdd
byte 872 = 0xdd
byte 873 = 0xdd
byte 874 = 0xdd
byte 875 = 0xdd
byte 876 = 0xdd
byte 877 = 0xdd
byte 878 = 0xdd
byte 879 = 0xdd
byte 880 = 0xdd
byte 881 = 0xdd
byte 882 = 0xdd
byte 883 = 0xdd
byte 884 = 0xdd
byte 885 = 0xdd
byte 886 = 0xdd
byte 887 = 0xdd
byte 888 = 0xdd
byte 889 = 0xdd
byte 890 = 0xdd
byte 891 = 0xdd
byte 892 = 0xdd
byte 893 = 0xdd
byte 894 = 0xdd
byte 895 = 0xdd
byte 896 = 0xdd
byte 897 = 0xdd
byte 898 = 0xdd
byte 899 = 0xdd
byte 900 = 0xdd
byte 901 = 0xdd
byte 902 = 0xdd
byte 903 = 0xdd
byte 904 = 0xdd
byte 905 = 0xdd
byte 906 = 0xdd
byte 907 = 0xdd
byte 908 = 0xdd
byte 909 = 0xdd
byte 910 = 0xdd
byte 911 = 0xdd
byte 912 = 0xdd
byte 913 = 0xdd
byte 914 = 0xdd
byte 915 = 0xdd
byte 916 = 0xdd
byte 917 = 0xdd
byte 918 = 0xdd
byte 919 = 0xdd
byte 920 = 0xdd
byte 921 = 0xdd
byte 922 = 0xdd
byte 923 = 0xdd
byte 924 = 0xdd
byte 925 = 0xdd
byte 926 = 0xdd
byte 927 = 0xdd
byte 928 = 0xdd
byte 929 = 0xdd
byte 930 = 0xdd
byte 931 = 0xdd
byte 932 = 0xdd
byte 933 = 0xdd
byte 934 = 0xdd
byte 935 = 0xdd
byte 936 = 0xdd
byte 937 = 0xdd
byte 938 = 0xdd
byte 939 = 0xdd
byte 940 = 0xdd
byte 941 = 0xdd
byte 942 = 0xdd
byte 943 = 0xdd
byte 944 = 0xdd
byte 945 = 0xdd
byte 946 = 0xdd
byte 947 = 0xdd
byte 948 = 0xdd
byte 949 = 0xdd
byte 950 = 0xdd
byte 951 = 0xdd
byte 952 = 0xdd
byte 953 = 0xdd
byte 954 = 0xdd
byte 955 = 0xdd
byte 956 = 0xdd
byte 957 = 0xdd
byte 958 = 0xdd
byte 959 = 0xdd
byte 960 = 0xdd
byte 961 = 0xdd
byte 962 = 0xdd
byte 963 = 0xdd
byte 964 = 0xdd
byte 965 = 0xdd
byte 966 = 0xdd
byte 967 = 0xdd
byte 968 = 0xdd
byte 969 = 0xdd
byte 970 = 0xdd
byte 971 = 0xdd
byte 972 = 0xdd
byte 973 = 0xdd
byte 974 = 0xdd
byte 975 = 0xdd
byte 976 = 0xdd
byte 977 = 0xdd
byte 978 = 0xdd
byte 979 = 0xdd
byte 980 = 0xdd
byte 981 = 0xdd
byte 982 = 0xdd
byte 983 = 0xdd
byte 984 = 0xdd
byte 985 = 0xdd
byte 986 = 0xdd
byte 987 = 0xdd
byte 988 = 0xdd
byte 989 = 0xdd
byte 990 = 0xdd
byte 991 = 0xdd
byte 992 = 0xdd
byte 993 = 0xdd
byte 994 = 0xdd
byte 995 = 0xdd
byte 996 = 0xdd
byte 997 = 0xdd
byte 998 = 0xdd
byte 999 = 0xdd
byte 1000 = 0xdd
byte 1001 = 0xdd
byte 1002 = 0xdd
byte 1003 = 0xdd
byte 1004 = 0xdd
byte 1005 = 0xdd
byte 1006 = 0xdd
byte 1007 = 0xdd
byte 1008 = 0xd5
byte 1009 = 0xff
byte 1010 = 0xff
byte 1011 = 0xff
byte 1012 = 0xff
byte 1013 = 0xff
byte 1014 = 0xff
byte 1015 = 0x34
byte 1016 = 0x17
byte 1017 = 0xeb
byte 1018 = 0xba
byte 1019 = 0x8f
byte 1020 = 0x66
byte 1021 = 0x8
byte 1022 = 0x0
byte 1023 = 0x45
byte 1024 = 0x0
byte 1025 = 0x1
byte 1026 = 0x13
byte 1027 = 0xa2
byte 1028 = 0xbd
byte 1029 = 0x40
byte 1030 = 0x0
byte 1031 = 0x40
byte 1032 = 0x11
byte 1033 = 0x6e
byte 1034 = 0x8
byte 1035 = 0x1
byte 1036 = 0x14
byte 1037 = 0x1
byte 1038 = 0xff
byte 1039 = 0x44
byte 1040 = 0x5c
byte 1041 = 0x44
byte 1042 = 0x5c
byte 1043 = 0x0
byte 1044 = 0xff
byte 1045 = 0x2a
byte 1046 = 0x25
byte 1047 = 0x7b
byte 1048 = 0x22
byte 1049 = 0x68
byte 1050 = 0x6f
byte 1051 = 0x73
byte 1052 = 0x74
byte 1053 = 0x5f
byte 1054 = 0x69
byte 1055 = 0x6e
byte 1056 = 0x74
byte 1057 = 0x22
byte 1058 = 0x3a
byte 1059 = 0x31
byte 1060 = 0x38
byte 1061 = 0x38
byte 1062 = 0x35
byte 1063 = 0x35
byte 1064 = 0x33
byte 1065 = 0x34
byte 1066 = 0x32
byte 1067 = 0x32
byte 1068 = 0x39
byte 1069 = 0x30
byte 1070 = 0x38
byte 1071 = 0x32
byte 1072 = 0x30
byte 1073 = 0x36
byte 1074 = 0x34
byte 1075 = 0x35
byte 1076 = 0x37
byte 1077 = 0x32
byte 1078 = 0x35
byte 1079 = 0x36
byte 1080 = 0x35
byte 1081 = 0x39
byte 1082 = 0x37
byte 1083 = 0x38
byte 1084 = 0x30
byte 1085 = 0x37
byte 1086 = 0x33
byte 1087 = 0x31
byte 1088 = 0x35
byte 1089 = 0x33
byte 1090 = 0x37
byte 1091 = 0x32
byte 1092 = 0x35
byte 1093 = 0x37
byte 1094 = 0x38
byte 1095 = 0x39
byte 1096 = 0x38
byte 1097 = 0x37
byte 1098 = 0x2c
byte 1099 = 0x22
byte 1100 = 0x76
byte 1101 = 0x65
byte 1102 = 0x72
byte 1103 = 0x73
byte 1104 = 0x69
byte 1105 = 0x6f
byte 1106 = 0x6e
byte 1107 = 0x22
byte 1108 = 0x3a
byte 1109 = 0x5b
byte 1110 = 0x32
byte 1111 = 0x2c
byte 1112 = 0x30
byte 1113 = 0x5d
byte 1114 = 0x2c
byte 1115 = 0x22
byte 1116 = 0x64
byte 1117 = 0x69
byte 1118 = 0x73
byte 1119 = 0x70
byte 1120 = 0x6c
byte 1121 = 0x61
byte 1122 = 0x79
byte 1123 = 0x6e
byte 1124 = 0x61
byte 1125 = 0x6d
byte 1126 = 0x65
byte 1127 = 0x22
byte 1128 = 0x3a
byte 1129 = 0x22
byte 1130 = 0x22
byte 1131 = 0x2c
byte 1132 = 0x22
byte 1133 = 0x70
byte 1134 = 0x6f
byte 1135 = 0x72
byte 1136 = 0x74
byte 1137 = 0x22
byte 1138 = 0x3a
byte 1139 = 0x31
byte 1140 = 0x37
byte 1141 = 0x35
byte 1142 = 0x30
byte 1143 = 0x30
byte 1144 = 0x2c
byte 1145 = 0x22
byte 1146 = 0x6e
byte 1147 = 0x61
byte 1148 = 0x6d
byte 1149 = 0x65
byte 1150 = 0x73
byte 1151 = 0x70
byte 1152 = 0x61
byte 1153 = 0x63
byte 1154 = 0x65
byte 1155 = 0x73
byte 1156 = 0x22
byte 1157 = 0x3a
byte 1158 = 0x5b
byte 1159 = 0x31
byte 1160 = 0x31
byte 1161 = 0x35
byte 1162 = 0x34
byte 1163 = 0x32
byte 1164 = 0x31
byte 1165 = 0x31
byte 1166 = 0x32
byte 1167 = 0x30
byte 1168 = 0x31
byte 1169 = 0x2c
byte 1170 = 0x37
byte 1171 = 0x33
byte 1172 = 0x37
byte 1173 = 0x38
byte 1174 = 0x35
byte 1175 = 0x39
byte 1176 = 0x39
byte 1177 = 0x34
byte 1178 = 0x32
byte 1179 = 0x2c
byte 1180 = 0x31
byte 1181 = 0x31
byte 1182 = 0x37
byte 1183 = 0x37
byte 1184 = 0x37
byte 1185 = 0x33
byte 1186 = 0x36
byte 1187 = 0x37
byte 1188 = 0x31
byte 1189 = 0x31
byte 1190 = 0x2c
byte 1191 = 0x39
byte 1192 = 0x34
byte 1193 = 0x37
byte 1194 = 0x39
byte 1195 = 0x39
byte 1196 = 0x34
byte 1197 = 0x37
byte 1198 = 0x35
byte 1199 = 0x33
byte 1200 = 0x2c
byte 1201 = 0x31
byte 1202 = 0x39
byte 1203 = 0x33
byte 1204 = 0x39
byte 1205 = 0x37
byte 1206 = 0x36
byte 1207 = 0x39
byte 1208 = 0x30
byte 1209 = 0x36
byte 1210 = 0x2c
byte 1211 = 0x31
byte 1212 = 0x32
byte 1213 = 0x36
byte 1214 = 0x36
byte 1215 = 0x36
byte 1216 = 0x35
byte 1217 = 0x36
byte 1218 = 0x37
byte 1219 = 0x39
byte 1220 = 0x38
byte 1221 = 0x2c
byte 1222 = 0x35
byte 1223 = 0x39
byte 1224 = 0x39
byte 1225 = 0x36
byte 1226 = 0x31
byte 1227 = 0x31
byte 1228 = 0x37
byte 1229 = 0x30
byte 1230 = 0x33
byte 1231 = 0x2c
byte 1232 = 0x31
byte 1233 = 0x30
byte 1234 = 0x39
byte 1235 = 0x37
byte 1236 = 0x39
byte 1237 = 0x38
byte 1238 = 0x30
byte 1239 = 0x31
byte 1240 = 0x35
byte 1241 = 0x32
byte 1242 = 0x2c
byte 1243 = 0x39
byte 1244 = 0x33
byte 1245 = 0x33
byte 1246 = 0x31
byte 1247 = 0x35
byte 1248 = 0x33
byte 1249 = 0x31
byte 1250 = 0x34
byte 1251 = 0x36
byte 1252 = 0x2c
byte 1253 = 0x39
byte 1254 = 0x36
byte 1255 = 0x39
byte 1256 = 0x37
byte 1257 = 0x30
byte 1258 = 0x37
byte 1259 = 0x32
byte 1260 = 0x35
byte 1261 = 0x39
byte 1262 = 0x2c
byte 1263 = 0x36
byte 1264 = 0x39
byte 1265 = 0x30
byte 1266 = 0x38
byte 1267 = 0x36
byte 1268 = 0x39
byte 1269 = 0x32
byte 1270 = 0x34
byte 1271 = 0x36
byte 1272 = 0x5d
byte 1273 = 0x7d
byte 1274 = 0xdd
byte 1275 = 0xdd
byte 1276 = 0xdd
byte 1277 = 0xdd
byte 1278 = 0xdd
byte 1279 = 0xdd
byte 1280 = 0xdd
byte 1281 = 0xdd
byte 1282 = 0xdd
byte 1283 = 0xdd
byte 1284 = 0xdd
byte 1285 = 0xdd
byte 1286 = 0xdd
byte 1287 = 0xdd
byte 1288 = 0xdd
byte 1289 = 0xdd
byte 1290 = 0xdd
byte 1291 = 0xdd
byte 1292 = 0xdd
byte 1293 = 0xdd
byte 1294 = 0xdd
byte 1295 = 0xdd
byte 1296 = 0xdd
byte 1297 = 0xdd
byte 1298 = 0xdd
byte 1299 = 0xdd
byte 1300 = 0xdd
byte 1301 = 0xdd
byte 1302 = 0xdd
byte 1303 = 0xdd
byte 1304 = 0xdd
byte 1305 = 0xdd
byte 1306 = 0xdd
byte 1307 = 0xdd
byte 1308 = 0xdd
byte 1309 = 0xdd
byte 1310 = 0xdd
byte 1311 = 0xdd
byte 1312 = 0xdd
byte 1313 = 0xdd
byte 1314 = 0xdd
byte 1315 = 0xdd
byte 1316 = 0xdd
byte 1317 = 0xdd
byte 1318 = 0xdd
byte 1319 = 0xdd
byte 1320 = 0xdd
byte 1321 = 0xdd
byte 1322 = 0xdd
byte 1323 = 0xdd
byte 1324 = 0xdd
byte 1325 = 0xdd
byte 1326 = 0xdd
byte 1327 = 0xdd
byte 1328 = 0xdd
byte 1329 = 0xdd
byte 1330 = 0xdd
byte 1331 = 0xdd
byte 1332 = 0xdd
byte 1333 = 0xdd
byte 1334 = 0xdd
byte 1335 = 0xdd
byte 1336 = 0xdd
byte 1337 = 0xdd
byte 1338 = 0xdd
byte 1339 = 0xdd
byte 1340 = 0xdd
byte 1341 = 0xdd
byte 1342 = 0xdd
byte 1343 = 0xdd
byte 1344 = 0xdd
byte 1345 = 0xdd
byte 1346 = 0xdd
byte 1347 = 0xdd
byte 1348 = 0xdd
byte 1349 = 0xdd
byte 1350 = 0xdd
byte 1351 = 0xdd
byte 1352 = 0xdd
byte 1353 = 0xdd
byte 1354 = 0xdd
byte 1355 = 0xdd
byte 1356 = 0xdd
byte 1357 = 0xdd
byte 1358 = 0xdd
byte 1359 = 0xdd
byte 1360 = 0xdd
byte 1361 = 0xdd
byte 1362 = 0xdd
byte 1363 = 0xdd
byte 1364 = 0xdd
byte 1365 = 0xdd
byte 1366 = 0xdd
byte 1367 = 0xdd
byte 1368 = 0xdd
byte 1369 = 0xdd
byte 1370 = 0xdd
byte 1371 = 0xdd
byte 1372 = 0xdd
byte 1373 = 0xdd
byte 1374 = 0xdd
byte 1375 = 0xdd
byte 1376 = 0xdd
byte 1377 = 0xdd
byte 1378 = 0xdd
byte 1379 = 0xdd
byte 1380 = 0xdd
byte 1381 = 0xdd
byte 1382 = 0xdd
byte 1383 = 0xdd
byte 1384 = 0xdd
byte 1385 = 0xdd
byte 1386 = 0xdd
byte 1387 = 0xdd
byte 1388 = 0xdd
byte 1389 = 0xdd
byte 1390 = 0xdd
byte 1391 = 0xdd
byte 1392 = 0xdd
byte 1393 = 0xdd
byte 1394 = 0xdd
byte 1395 = 0xdd
byte 1396 = 0xdd
byte 1397 = 0xdd
byte 1398 = 0xdd
byte 1399 = 0xdd
byte 1400 = 0xdd
byte 1401 = 0xdd
byte 1402 = 0xdd
byte 1403 = 0xdd
byte 1404 = 0xdd
byte 1405 = 0xdd
byte 1406 = 0xdd
byte 1407 = 0xdd
byte 1408 = 0xdd
byte 1409 = 0xdd
byte 1410 = 0xdd
byte 1411 = 0xdd
byte 1412 = 0xdd
byte 1413 = 0xdd
byte 1414 = 0xdd
byte 1415 = 0xdd
byte 1416 = 0xdd
byte 1417 = 0xdd
byte 1418 = 0xdd
byte 1419 = 0xdd
byte 1420 = 0xdd
byte 1421 = 0xdd
byte 1422 = 0xdd
byte 1423 = 0xdd
byte 1424 = 0xdd
byte 1425 = 0xdd
byte 1426 = 0xdd
byte 1427 = 0xdd
byte 1428 = 0xdd
byte 1429 = 0xdd
byte 1430 = 0xdd
byte 1431 = 0xdd
byte 1432 = 0xdd
byte 1433 = 0xdd
byte 1434 = 0xdd
byte 1435 = 0xdd
byte 1436 = 0xdd
byte 1437 = 0xdd
byte 1438 = 0xdd
byte 1439 = 0xdd
byte 1440 = 0xdd
byte 1441 = 0xdd
byte 1442 = 0xdd
byte 1443 = 0xdd
byte 1444 = 0xdd
byte 1445 = 0xdd
byte 1446 = 0xdd
byte 1447 = 0xdd
byte 1448 = 0xdd
byte 1449 = 0xdd
byte 1450 = 0xdd
byte 1451 = 0xdd
byte 1452 = 0xdd
byte 1453 = 0xdd
byte 1454 = 0xdd
byte 1455 = 0xdd
byte 1456 = 0xdd
byte 1457 = 0xdd
byte 1458 = 0xdd
byte 1459 = 0xdd
byte 1460 = 0xdd
byte 1461 = 0xdd
byte 1462 = 0xdd
byte 1463 = 0xdd
byte 1464 = 0xdd
byte 1465 = 0xdd
byte 1466 = 0xdd
byte 1467 = 0xdd
byte 1468 = 0xdd
byte 1469 = 0xdd
byte 1470 = 0xdd
byte 1471 = 0xdd
byte 1472 = 0xdd
byte 1473 = 0xdd
byte 1474 = 0xdd
byte 1475 = 0xdd
byte 1476 = 0xdd
byte 1477 = 0xdd
byte 1478 = 0xdd
byte 1479 = 0xdd
byte 1480 = 0xdd
byte 1481 = 0xdd
byte 1482 = 0xdd
byte 1483 = 0xdd
byte 1484 = 0xdd
byte 1485 = 0xdd
byte 1486 = 0xdd
byte 1487 = 0xdd
byte 1488 = 0xdd
byte 1489 = 0xdd
byte 1490 = 0xdd
byte 1491 = 0xdd
byte 1492 = 0xdd
byte 1493 = 0xdd
byte 1494 = 0xdd
byte 1495 = 0xdd
byte 1496 = 0xdd
byte 1497 = 0xdd
byte 1498 = 0xdd
byte 1499 = 0xdd
byte 1500 = 0xdd
byte 1501 = 0xdd
byte 1502 = 0xdd
byte 1503 = 0xdd
byte 1504 = 0xdd
byte 1505 = 0xdd
byte 1506 = 0xdd
byte 1507 = 0xdd
byte 1508 = 0xdd
byte 1509 = 0xdd
byte 1510 = 0xdd
byte 1511 = 0xdd
byte 1512 = 0xdd
byte 1513 = 0xdd
byte 1514 = 0xdd
byte 1515 = 0xdd
byte 1516 = 0xdd
byte 1517 = 0xdd
byte 1518 = 0xdd
byte 1519 = 0xdd
byte 1520 = 0xdd
byte 1521 = 0xdd
byte 1522 = 0xdd
byte 1523 = 0xdd
byte 1524 = 0xdd
byte 1525 = 0xdd
byte 1526 = 0xdd
byte 1527 = 0xdd
byte 1528 = 0xdd
byte 1529 = 0xdd
byte 1530 = 0xdd
byte 1531 = 0xdd
byte 1532 = 0xdd
byte 1533 = 0xdd
byte 1534 = 0xdd
byte 1535 = 0xdd
byte 1536 = 0xdd
byte 1537 = 0xdd
byte 1538 = 0xdd
byte 1539 = 0xdd
byte 1540 = 0xdd
byte 1541 = 0xdd
byte 1542 = 0xdd
byte 1543 = 0xdd
byte 1544 = 0xdd
byte 1545 = 0xdd
byte 1546 = 0xdd
byte 1547 = 0xdd
byte 1548 = 0xdd
byte 1549 = 0xdd
byte 1550 = 0xdd
byte 1551 = 0xdd
byte 1552 = 0xdd
byte 1553 = 0xdd
byte 1554 = 0xdd
byte 1555 = 0xdd
byte 1556 = 0xdd
byte 1557 = 0xdd
byte 1558 = 0xdd
byte 1559 = 0xdd
byte 1560 = 0xdd
byte 1561 = 0xdd
byte 1562 = 0xdd
byte 1563 = 0xdd
byte 1564 = 0xdd
byte 1565 = 0xdd
byte 1566 = 0xdd
byte 1567 = 0xdd
byte 1568 = 0xdd
byte 1569 = 0xdd
byte 1570 = 0xdd
byte 1571 = 0xdd
byte 1572 = 0xdd
byte 1573 = 0xdd
byte 1574 = 0xdd
byte 1575 = 0xdd
byte 1576 = 0xdd
byte 1577 = 0xdd
byte 1578 = 0xdd
byte 1579 = 0xdd
byte 1580 = 0xdd
byte 1581 = 0xdd
byte 1582 = 0xdd
byte 1583 = 0xdd
byte 1584 = 0xdd
byte 1585 = 0xdd
byte 1586 = 0xdd
byte 1587 = 0xdd
byte 1588 = 0xdd
byte 1589 = 0xdd
byte 1590 = 0xdd
byte 1591 = 0xdd
byte 1592 = 0xdd
byte 1593 = 0xdd
byte 1594 = 0xdd
byte 1595 = 0xdd
byte 1596 = 0xdd
byte 1597 = 0xdd
byte 1598 = 0xdd
byte 1599 = 0xdd
byte 1600 = 0xdd
byte 1601 = 0xdd
byte 1602 = 0xdd
byte 1603 = 0xdd
byte 1604 = 0xdd
byte 1605 = 0xdd
byte 1606 = 0xdd
byte 1607 = 0xdd
byte 1608 = 0xdd
byte 1609 = 0xdd
byte 1610 = 0xdd
byte 1611 = 0xdd
byte 1612 = 0xdd
byte 1613 = 0xdd
byte 1614 = 0xdd
byte 1615 = 0xdd
byte 1616 = 0xdd
byte 1617 = 0xdd
byte 1618 = 0xdd
byte 1619 = 0xdd
byte 1620 = 0xdd
byte 1621 = 0xdd
byte 1622 = 0xdd
byte 1623 = 0xdd
byte 1624 = 0xdd
byte 1625 = 0xdd
byte 1626 = 0xdd
byte 1627 = 0xdd
byte 1628 = 0xdd
byte 1629 = 0xdd
byte 1630 = 0xdd
byte 1631 = 0xdd
byte 1632 = 0xdd
byte 1633 = 0xdd
byte 1634 = 0xdd
byte 1635 = 0xdd
byte 1636 = 0xdd
byte 1637 = 0xdd
byte 1638 = 0xdd
byte 1639 = 0xdd
byte 1640 = 0xdd
byte 1641 = 0xdd
byte 1642 = 0xdd
byte 1643 = 0xdd
byte 1644 = 0xdd
byte 1645 = 0xdd
byte 1646 = 0xd5
byte 1647 = 0x33
byte 1648 = 0x33
byte 1649 = 0x0
byte 1650 = 0x0
byte 1651 = 0x0
byte 1652 = 0x1
byte 1653 = 0x4a
byte 1654 = 0x1d
byte 1655 = 0x70
byte 1656 = 0x64
byte 1657 = 0x21
byte 1658 = 0x96
byte 1659 = 0x86
byte 1660 = 0xdd
byte 1661 = 0x60
byte 1662 = 0x0
byte 1663 = 0x0
byte 1664 = 0x0
byte 1665 = 0x0
byte 1666 = 0x60
byte 1667 = 0x3a
byte 1668 = 0xff
byte 1669 = 0xfe
byte 1670 = 0x80
byte 1671 = 0x0
byte 1672 = 0x0
byte 1673 = 0x0
byte 1674 = 0x0
byte 1675 = 0x0
byte 1676 = 0x0
byte 1677 = 0x48
byte 1678 = 0x1d
byte 1679 = 0x70
byte 1680 = 0xff
byte 1681 = 0xfe
byte 1682 = 0x64
byte 1683 = 0x21
byte 1684 = 0x96
byte 1685 = 0xff
byte 1686 = 0x2
byte 1687 = 0x0
byte 1688 = 0x0
byte 1689 = 0x0
byte 1690 = 0x0
byte 1691 = 0x0
byte 1692 = 0x0
byte 1693 = 0x0
byte 1694 = 0x0
byte 1695 = 0x0
byte 1696 = 0x0
byte 1697 = 0x0
byte 1698 = 0x0
byte 1699 = 0x0
byte 1700 = 0x1
byte 1701 = 0x86
byte 1702 = 0x0
byte 1703 = 0x54
byte 1704 = 0x1c
byte 1705 = 0x40
byte 1706 = 0xc0
byte 1707 = 0x0
byte 1708 = 0xb4
byte 1709 = 0x0
byte 1710 = 0x0
byte 1711 = 0x0
byte 1712 = 0x0
byte 1713 = 0x0
byte 1714 = 0x0
byte 1715 = 0x0
byte 1716 = 0x0
byte 1717 = 0x19
byte 1718 = 0x5
byte 1719 = 0x0
byte 1720 = 0x0
byte 1721 = 0x0
byte 1722 = 0x0
byte 1723 = 0x1
byte 1724 = 0x2c
byte 1725 = 0x1
byte 1726 = 0x5
byte 1727 = 0x58
byte 1728 = 0xfe
byte 1729 = 0xed
byte 1730 = 0x0
byte 1731 = 0x0
byte 1732 = 0x0
byte 1733 = 0x0
byte 1734 = 0x0
byte 1735 = 0x0
byte 1736 = 0x0
byte 1737 = 0x0
byte 1738 = 0x0
byte 1739 = 0x1
byte 1740 = 0x1
byte 1741 = 0x5
byte 1742 = 0x58
byte 1743 = 0xfe
byte 1744 = 0xed
byte 1745 = 0x0
byte 1746 = 0x0
byte 1747 = 0x0
byte 1748 = 0x0
byte 1749 = 0x0
byte 1750 = 0x0
byte 1751 = 0x0
byte 1752 = 0x0
byte 1753 = 0x0
byte 1754 = 0x2
byte 1755 = 0x3
byte 1756 = 0x4
byte 1757 = 0x40
byte 1758 = 0xc0
byte 1759 = 0x0
byte 1760 = 0x5
byte 1761 = 0x46
byte 1762 = 0x0
byte 1763 = 0x0
byte 1764 = 0x5
byte 1765 = 0x46
byte 1766 = 0x0
byte 1767 = 0x0
byte 1768 = 0x0
byte 1769 = 0x0
byte 1770 = 0x0
byte 1771 = 0x26
byte 1772 = 0x1
byte 1773 = 0x1
byte 1774 = 0x8c
byte 1775 = 0x42
byte 1776 = 0x0
byte 1777 = 0x94
byte 1778 = 0x0
byte 1779 = 0x0
byte 1780 = 0x0
byte 1781 = 0x0
byte 1782 = 0x0
byte 1783 = 0x0
byte 1784 = 0x0
byte 1785 = 0x0
byte 1786 = 0x0
byte 1787 = 0x1
byte 1788 = 0x1
byte 1789 = 0x4a
byte 1790 = 0x1d
byte 1791 = 0x70
byte 1792 = 0x64
byte 1793 = 0x21
byte 1794 = 0x96
byte 1795 = 0xdd
byte 1796 = 0xdd
byte 1797 = 0xdd
byte 1798 = 0xdd
byte 1799 = 0xdd
byte 1800 = 0xdd
byte 1801 = 0xdd
byte 1802 = 0xdd
byte 1803 = 0xdd
byte 1804 = 0xdd
byte 1805 = 0xdd
byte 1806 = 0xdd
byte 1807 = 0xdd
byte 1808 = 0xdd
byte 1809 = 0xdd
byte 1810 = 0xdd
byte 1811 = 0xdd
byte 1812 = 0xdd
byte 1813 = 0xdd
byte 1814 = 0xdd
byte 1815 = 0xdd
byte 1816 = 0xdd
byte 1817 = 0xdd
byte 1818 = 0xdd
byte 1819 = 0xdd
byte 1820 = 0xdd
byte 1821 = 0xdd
byte 1822 = 0xdd
byte 1823 = 0xdd
byte 1824 = 0xdd
byte 1825 = 0xdd
byte 1826 = 0xdd
byte 1827 = 0xdd
byte 1828 = 0xdd
byte 1829 = 0xdd
byte 1830 = 0xdd
byte 1831 = 0xdd
byte 1832 = 0xdd
byte 1833 = 0xdd
byte 1834 = 0xdd
byte 1835 = 0xdd
byte 1836 = 0xdd
byte 1837 = 0xdd
byte 1838 = 0xdd
byte 1839 = 0xdd
byte 1840 = 0xdd
byte 1841 = 0xdd
byte 1842 = 0xdd
byte 1843 = 0xdd
byte 1844 = 0xdd
byte 1845 = 0xdd
byte 1846 = 0xdd
byte 1847 = 0xdd
byte 1848 = 0xdd
byte 1849 = 0xdd
byte 1850 = 0xdd
byte 1851 = 0xdd
byte 1852 = 0xdd
byte 1853 = 0xdd
byte 1854 = 0xdd
byte 1855 = 0xdd
byte 1856 = 0xdd
byte 1857 = 0xdd
byte 1858 = 0xdd
byte 1859 = 0xdd
byte 1860 = 0xdd
byte 1861 = 0xdd
byte 1862 = 0xdd
byte 1863 = 0xdd
byte 1864 = 0xdd
byte 1865 = 0xdd
byte 1866 = 0xdd
byte 1867 = 0xdd
byte 1868 = 0xdd
byte 1869 = 0xdd
byte 1870 = 0xdd
byte 1871 = 0xdd
byte 1872 = 0xdd
byte 1873 = 0xdd
byte 1874 = 0xdd
byte 1875 = 0xdd
byte 1876 = 0xdd
byte 1877 = 0xdd
byte 1878 = 0xdd
byte 1879 = 0xdd
byte 1880 = 0xdd
byte 1881 = 0xdd
byte 1882 = 0xdd
byte 1883 = 0xdd
byte 1884 = 0xdd
byte 1885 = 0xdd
byte 1886 = 0xdd
byte 1887 = 0xdd
byte 1888 = 0xdd
byte 1889 = 0xdd
byte 1890 = 0xdd
byte 1891 = 0xdd
byte 1892 = 0xdd
byte 1893 = 0xdd
byte 1894 = 0xdd
byte 1895 = 0xdd
byte 1896 = 0xdd
byte 1897 = 0xdd
byte 1898 = 0xdd
byte 1899 = 0xdd
byte 1900 = 0xdd
byte 1901 = 0xdd
byte 1902 = 0xdd
byte 1903 = 0xdd
byte 1904 = 0xdd
byte 1905 = 0xdd
byte 1906 = 0xdd
byte 1907 = 0xdd
byte 1908 = 0xdd
byte 1909 = 0xdd
byte 1910 = 0xdd
byte 1911 = 0xdd
byte 1912 = 0xdd
byte 1913 = 0xdd
byte 1914 = 0xdd
byte 1915 = 0xdd
byte 1916 = 0xdd
byte 1917 = 0xdd
byte 1918 = 0xdd
byte 1919 = 0xdd
byte 1920 = 0xdd
byte 1921 = 0xdd
byte 1922 = 0xdd
byte 1923 = 0xdd
byte 1924 = 0xdd
byte 1925 = 0xdd
byte 1926 = 0xdd
byte 1927 = 0xdd
byte 1928 = 0xdd
byte 1929 = 0xdd
byte 1930 = 0xdd
byte 1931 = 0xdd
byte 1932 = 0xdd
byte 1933 = 0xdd
byte 1934 = 0xdd
byte 1935 = 0xdd
byte 1936 = 0xdd
byte 1937 = 0xdd
byte 1938 = 0xdd
byte 1939 = 0xdd
byte 1940 = 0xdd
byte 1941 = 0xdd
byte 1942 = 0xdd
byte 1943 = 0xdd
byte 1944 = 0xdd
byte 1945 = 0xdd
byte 1946 = 0xdd
byte 1947 = 0xdd
byte 1948 = 0xdd
byte 1949 = 0xdd
byte 1950 = 0xdd
byte 1951 = 0xdd
byte 1952 = 0xdd
byte 1953 = 0xdd
byte 1954 = 0xdd
byte 1955 = 0xdd
byte 1956 = 0xdd
byte 1957 = 0xdd
byte 1958 = 0xdd
byte 1959 = 0xdd
byte 1960 = 0xdd
byte 1961 = 0xdd
byte 1962 = 0xdd
byte 1963 = 0xdd
byte 1964 = 0xdd
byte 1965 = 0xdd
byte 1966 = 0xdd
byte 1967 = 0xdd
byte 1968 = 0xdd
byte 1969 = 0xdd
byte 1970 = 0xdd
byte 1971 = 0xdd
byte 1972 = 0xdd
byte 1973 = 0xdd
byte 1974 = 0xdd
byte 1975 = 0xdd
byte 1976 = 0xdd
byte 1977 = 0xdd
byte 1978 = 0xdd
byte 1979 = 0xdd
byte 1980 = 0xdd
byte 1981 = 0xdd
byte 1982 = 0xdd
byte 1983 = 0xdd
byte 1984 = 0xdd
byte 1985 = 0xdd
byte 1986 = 0xdd
byte 1987 = 0xdd
byte 1988 = 0xdd
byte 1989 = 0xdd
byte 1990 = 0xdd
byte 1991 = 0xdd
byte 1992 = 0xdd
byte 1993 = 0xdd
byte 1994 = 0xdd
byte 1995 = 0xdd
byte 1996 = 0xdd
byte 1997 = 0xdd
byte 1998 = 0xdd
byte 1999 = 0xdd
byte 2000 = 0xdd
byte 2001 = 0xdd
byte 2002 = 0xdd
byte 2003 = 0xdd
byte 2004 = 0xdd
byte 2005 = 0xdd
byte 2006 = 0xdd
byte 2007 = 0xdd
byte 2008 = 0xdd
byte 2009 = 0xdd
byte 2010 = 0xdd
byte 2011 = 0xdd
byte 2012 = 0xdd
byte 2013 = 0xdd
byte 2014 = 0xdd
byte 2015 = 0xdd
byte 2016 = 0xdd
byte 2017 = 0xdd
byte 2018 = 0xdd
byte 2019 = 0xdd
byte 2020 = 0xdd
byte 2021 = 0xdd
byte 2022 = 0xdd
byte 2023 = 0xdd
byte 2024 = 0xdd
byte 2025 = 0xdd
byte 2026 = 0xdd
byte 2027 = 0xdd
byte 2028 = 0xdd
byte 2029 = 0xdd
byte 2030 = 0xdd
byte 2031 = 0xdd
byte 2032 = 0xdd
byte 2033 = 0xdd
byte 2034 = 0xdd
byte 2035 = 0xdd
byte 2036 = 0xdd
byte 2037 = 0xdd
byte 2038 = 0xdd
byte 2039 = 0xdd
byte 2040 = 0xdd
byte 2041 = 0xdd
byte 2042 = 0xdd
byte 2043 = 0xdd
byte 2044 = 0xdd
byte 2045 = 0xdd
byte 2046 = 0xdd
byte 2047 = 0xdd
byte 2048 = 0xdd
byte 2049 = 0xdd
byte 2050 = 0xdd
byte 2051 = 0xdd
byte 2052 = 0xdd
byte 2053 = 0xdd
byte 2054 = 0xdd
byte 2055 = 0xdd
byte 2056 = 0xdd
byte 2057 = 0xdd
byte 2058 = 0xdd
byte 2059 = 0xdd
byte 2060 = 0xdd
byte 2061 = 0xdd
byte 2062 = 0xdd
byte 2063 = 0xdd
byte 2064 = 0xdd
byte 2065 = 0xdd
byte 2066 = 0xdd
byte 2067 = 0xdd
byte 2068 = 0xdd
byte 2069 = 0xdd
byte 2070 = 0xdd
byte 2071 = 0xdd
byte 2072 = 0xdd
byte 2073 = 0xdd
byte 2074 = 0xdd
byte 2075 = 0xdd
byte 2076 = 0xdd
byte 2077 = 0xdd
byte 2078 = 0xdd
byte 2079 = 0xdd
byte 2080 = 0xdd
byte 2081 = 0xdd
byte 2082 = 0xdd
byte 2083 = 0xdd
byte 2084 = 0xdd
byte 2085 = 0xdd
byte 2086 = 0xdd
byte 2087 = 0xdd
byte 2088 = 0xdd
byte 2089 = 0xdd
byte 2090 = 0xdd
byte 2091 = 0xdd
byte 2092 = 0xdd
byte 2093 = 0xdd
byte 2094 = 0xdd
byte 2095 = 0xdd
byte 2096 = 0xdd
byte 2097 = 0xdd
byte 2098 = 0xdd
byte 2099 = 0xdd
byte 2100 = 0xdd
byte 2101 = 0xdd
byte 2102 = 0xdd
byte 2103 = 0xdd
byte 2104 = 0xdd
byte 2105 = 0xdd
byte 2106 = 0xdd
byte 2107 = 0xdd
byte 2108 = 0xdd
byte 2109 = 0xdd
byte 2110 = 0xdd
byte 2111 = 0xdd
byte 2112 = 0xdd
byte 2113 = 0xdd
byte 2114 = 0xdd
byte 2115 = 0xdd
byte 2116 = 0xdd
byte 2117 = 0xdd
byte 2118 = 0xdd
byte 2119 = 0xdd
byte 2120 = 0xdd
byte 2121 = 0xdd
byte 2122 = 0xdd
byte 2123 = 0xdd
byte 2124 = 0xdd
byte 2125 = 0xdd
byte 2126 = 0xdd
byte 2127 = 0xdd
byte 2128 = 0xdd
byte 2129 = 0xdd
byte 2130 = 0xdd
byte 2131 = 0xdd
byte 2132 = 0xdd
byte 2133 = 0xdd
byte 2134 = 0xdd
byte 2135 = 0xdd
byte 2136 = 0xdd
byte 2137 = 0xdd
byte 2138 = 0xdd
byte 2139 = 0xdd
byte 2140 = 0xdd
byte 2141 = 0xdd
byte 2142 = 0xdd
byte 2143 = 0xdd
byte 2144 = 0xdd
byte 2145 = 0xdd
byte 2146 = 0xdd
byte 2147 = 0xdd
byte 2148 = 0xdd
byte 2149 = 0xdd
byte 2150 = 0xdd
byte 2151 = 0xdd
byte 2152 = 0xdd
byte 2153 = 0xdd
byte 2154 = 0xdd
byte 2155 = 0xdd
byte 2156 = 0xdd
byte 2157 = 0xdd
byte 2158 = 0xdd
byte 2159 = 0xdd
byte 2160 = 0xdd
byte 2161 = 0xdd
byte 2162 = 0xdd
byte 2163 = 0xdd
byte 2164 = 0xdd
byte 2165 = 0xdd
byte 2166 = 0xdd
byte 2167 = 0xdd
byte 2168 = 0xdd
byte 2169 = 0xdd
byte 2170 = 0xdd
byte 2171 = 0xdd
byte 2172 = 0xdd
byte 2173 = 0xdd
byte 2174 = 0xdd
byte 2175 = 0xdd
byte 2176 = 0xdd
byte 2177 = 0xdd
byte 2178 = 0xdd
byte 2179 = 0xdd
byte 2180 = 0xdd
byte 2181 = 0xdd
byte 2182 = 0xdd
byte 2183 = 0xdd
byte 2184 = 0xdd
byte 2185 = 0xdd
byte 2186 = 0xdd
byte 2187 = 0xdd
byte 2188 = 0xdd
byte 2189 = 0xdd
byte 2190 = 0xdd
byte 2191 = 0xdd
byte 2192 = 0xdd
byte 2193 = 0xdd
byte 2194 = 0xdd
byte 2195 = 0xdd
byte 2196 = 0xdd
byte 2197 = 0xdd
byte 2198 = 0xdd
byte 2199 = 0xdd
byte 2200 = 0xdd
byte 2201 = 0xdd
byte 2202 = 0xdd
byte 2203 = 0xdd
byte 2204 = 0xdd
byte 2205 = 0xdd
byte 2206 = 0xdd
byte 2207 = 0xdd
byte 2208 = 0xdd
byte 2209 = 0xdd
byte 2210 = 0xdd
byte 2211 = 0xdd
byte 2212 = 0xdd
byte 2213 = 0xdd
byte 2214 = 0xdd
byte 2215 = 0xdd
byte 2216 = 0xdd
byte 2217 = 0xdd
byte 2218 = 0xdd
byte 2219 = 0xdd
byte 2220 = 0xdd
byte 2221 = 0xdd
byte 2222 = 0xdd
byte 2223 = 0xdd
byte 2224 = 0xdd
byte 2225 = 0xdd
byte 2226 = 0xdd
byte 2227 = 0xdd
byte 2228 = 0xdd
byte 2229 = 0xdd
byte 2230 = 0xdd
byte 2231 = 0xdd
byte 2232 = 0xdd
byte 2233 = 0xdd
byte 2234 = 0xdd
byte(0000)  0:  [0], 0
byte(0001)  0:  [0], 0
byte(0002)  0:  [0], 0
byte(0003)  0:  [0], 0
byte(0004)  0:  [0], 0
byte(0005)  0:  [0], 0
byte(0006)  0:  [0], 0
byte(0007)  0:  [0], 0
byte(0008)  0:  [0], 0
byte(0009)  0:  [0], 0
byte(0010)  0:  [0], 0
byte(0011)  0:  [0], 0
byte(0012)  0:  [0], 0
byte(0013)  0:  [0], 0
byte(0014)  0:  [0], 0
byte(0015)  0:  [0], 0
byte(0016)  0:  [0], 0
byte(0017)  0:  [0], 0
byte(0018)  0:  [0], 0
byte(0019)  0:  [0], 0
byte(0020)  0:  [0], 0
byte(0021)  0:  [0], 0
byte(0022)  0:  [0], 0
byte(0023)  0:  [0], 0
byte(0024)  0:  [0], 0
byte(0025)  0:  [0], 0
byte(0026)  0:  [0], 0
byte(0027)  0:  [0], 0
byte(0028)  0:  [0], 0
byte(0029)  0:  [0], 0
byte(0030)  0:  [0], 0
byte(0031)  0:  [0], 0
byte(0032)  0:  [0], 0
byte(0033)  0:  [0], 0
byte(0034)  0:  [0], 0
byte(0035)  0:  [0], 0
byte(0036)  0:  [0], 0
byte(0037)  0:  [0], 0
byte(0038)  0:  [0], 0
byte(0039)  0:  [0], 0
byte(0040)  0:  [0], 0
byte(0041)  0:  [0], 0
byte(0042)  0:  [0], 0
byte(0043)  0:  [0], 0
byte(0044)  0:  [0], 0
byte(0045)  0:  [0], 0
byte(0046)  0:  [0], 0
byte(0047)  0:  [0], 0
byte(0048)  0:  [0], 0
byte(0049)  0:  [0], 0
byte(0050)  0:  [0], 0
byte(0051)  0:  [0], 0
byte(0052)  0:  [0], 0
byte(0053)  0:  [0], 0
byte(0054)  0:  [0], 0
byte(0055)  0:  [0], 0
byte(0056)  0:  [0], 0
byte(0057)  0:  [0], 0
byte(0058)  0:  [0], 0
byte(0059)  0:  [0], 0
byte(0060)  80:  [0], 0
byte(0061)  40:  [1], 0
byte(0062)  40:  [1], 0
byte(0063)  40:  [1], 0
byte(0064)  40:  [1], 0
byte(0065)  40:  [1], 0
byte(0066)  40:  [1], 0
byte(0067)  20:  [1], 0
byte(0068)  20:  [1], 0
byte(0069)  20:  [1], 0
byte(0070)  20:  [1], 0
byte(0071)  20:  [1], 0
byte(0072)  20:  [1], 0
byte(0073)  10:  [1], 0
byte(0074)  8:  [1], 0
byte(0075)  4:  [1], 0
byte(0076)  4:  [1], 0
byte(0077)  FF:  [1], 0
byte(0078)  FF:  [1], 0
byte(0079)  2:  [1], 0
byte(0080)  2:  [1], 0
byte(0081)  2:  [1], 0
byte(0082)  2:  [1], 0
byte(0083)  2:  [1], 0
byte(0084)  2:  [1], 0
byte(0085)  2:  [1], 0
byte(0086)  2:  [1], 0
byte(0087)  2:  [1], 0
byte(0088)  2:  [1], 0
byte(0089)  2:  [1], 0
byte(0090)  2:  [1], 0
byte(0091)  2:  [1], 0
byte(0092)  2:  [1], 0
byte(0093)  2:  [1], 0
byte(0094)  2:  [1], 0
byte(0095)  2:  [1], 0
byte(0096)  2:  [1], 0
byte(0097)  2:  [1], 0
byte(0098)  2:  [1], 0
byte(0099)  2:  [1], 0
byte(0100)  2:  [1], 0
byte(0101)  2:  [1], 0
byte(0102)  2:  [1], 0
byte(0103)  2:  [1], 0
byte(0104)  2:  [1], 0
byte(0105)  2:  [1], 0
byte(0106)  2:  [1], 0
byte(0107)  2:  [1], 0
byte(0108)  2:  [1], 0
byte(0109)  2:  [1], 0
byte(0110)  2:  [1], 0
byte(0111)  2:  [1], 0
byte(0112)  2:  [1], 0
byte(0113)  2:  [1], 0
byte(0114)  2:  [1], 0
byte(0115)  2:  [1], 0
byte(0116)  2:  [1], 0
byte(0117)  2:  [1], 0
byte(0118)  2:  [1], 0
byte(0119)  2:  [1], 0
byte(0120)  2:  [1], 0
byte(0121)  2:  [1], 0
byte(0122)  2:  [1], 0
byte(0123)  2:  [1], 0
byte(0124)  1:  [1], 0
byte(0125)  1:  [0], 0
byte(0126)  1:  [0], 0
byte(0127)  1:  [0], 0
byte(0128)  1:  [0], 0
byte(0129)  1:  [0], 0
byte(0130)  1:  [0], 0
byte(0131)  1:  [0], 0
byte(0132)  1:  [0], 0
byte(0133)  1:  [0], 0
byte(0134)  1:  [0], 0
byte(0135)  1:  [0], 0
byte(0136)  1:  [0], 0
byte(0137)  1:  [0], 0
byte(0138)  1:  [0], 0
byte(0139)  1:  [0], 0
byte(0140)  1:  [0], 0
byte(0141)  1:  [0], 0
byte(0142)  1:  [0], 0
byte(0143)  1:  [0], 0
byte(0144)  1:  [0], 0
byte(0145)  1:  [0], 0
byte(0146)  1:  [0], 0
byte(0147)  1:  [0], 0
byte(0148)  1:  [0], 0
byte(0149)  1:  [0], 0
byte(0150)  1:  [0], 0
byte(0151)  1:  [0], 0
byte(0152)  1:  [0], 0
byte(0153)  1:  [0], 0
byte(0154)  1:  [0], 0
byte(0155)  1:  [0], 0
byte(0156)  1:  [0], 0
byte(0157)  1:  [0], 0
byte(0158)  1:  [0], 0
byte(0159)  1:  [0], 0
byte(0160)  1:  [0], 0
byte(0161)  1:  [0], 0
byte(0162)  1:  [0], 0
byte(0163)  1:  [0], 0
byte(0164)  1:  [0], 0
byte(0165)  1:  [0], 0
byte(0166)  1:  [0], 0
byte(0167)  1:  [0], 0
byte(0168)  1:  [0], 0
byte(0169)  1:  [0], 0
byte(0170)  1:  [0], 0
byte(0171)  1:  [0], 0
byte(0172)  1:  [0], 0
byte(0173)  1:  [0], 0
byte(0174)  1:  [0], 0
byte(0175)  1:  [0], 0
byte(0176)  1:  [0], 0
byte(0177)  1:  [0], 0
byte(0178)  1:  [0], 0
byte(0179)  1:  [0], 0
byte(0180)  1:  [0], 0
byte(0181)  1:  [0], 0
byte(0182)  1:  [0], 0
byte(0183)  1:  [0], 0
byte(0184)  1:  [0], 0
byte(0185)  1:  [0], 0
byte(0186)  1:  [0], 0
byte(0187)  1:  [0], 0
byte(0188)  1:  [0], 0
byte(0189)  1:  [0], 0
byte(0190)  1:  [0], 0
byte(0191)  1:  [0], 0
byte(0192)  1:  [0], 0
byte(0193)  1:  [0], 0
byte(0194)  1:  [0], 0
byte(0195)  1:  [0], 0
byte(0196)  1:  [0], 0
byte(0197)  1:  [0], 0
byte(0198)  1:  [0], 0
byte(0199)  1:  [0], 0
byte(0200)  1:  [0], 0
byte(0201)  1:  [0], 0
byte(0202)  1:  [0], 0
byte(0203)  1:  [0], 0
byte(0204)  1:  [0], 0
byte(0205)  1:  [0], 0
byte(0206)  1:  [0], 0
byte(0207)  1:  [0], 0
byte(0208)  1:  [0], 0
byte(0209)  1:  [0], 0
byte(0210)  1:  [0], 0
byte(0211)  1:  [0], 0
byte(0212)  1:  [0], 0
byte(0213)  1:  [0], 0
byte(0214)  1:  [0], 0
byte(0215)  1:  [0], 0
byte(0216)  1:  [0], 0
byte(0217)  1:  [0], 0
byte(0218)  1:  [0], 0
byte(0219)  1:  [0], 0
byte(0220)  1:  [0], 0
byte(0221)  1:  [0], 0
byte(0222)  1:  [0], 0
byte(0223)  1:  [0], 0
byte(0224)  1:  [0], 0
byte(0225)  1:  [0], 0
byte(0226)  1:  [0], 0
byte(0227)  1:  [0], 0
byte(0228)  1:  [0], 0
byte(0229)  1:  [0], 0
byte(0230)  1:  [0], 0
byte(0231)  1:  [0], 0
byte(0232)  1:  [0], 0
byte(0233)  1:  [0], 0
byte(0234)  1:  [0], 0
byte(0235)  1:  [0], 0
byte(0236)  1:  [0], 0
byte(0237)  1:  [0], 0
byte(0238)  1:  [0], 0
byte(0239)  1:  [0], 0
byte(0240)  1:  [0], 0
byte(0241)  1:  [0], 0
byte(0242)  1:  [0], 0
byte(0243)  1:  [0], 0
byte(0244)  1:  [0], 0
byte(0245)  1:  [0], 0
byte(0246)  1:  [0], 0
byte(0247)  1:  [0], 0
byte(0248)  1:  [0], 0
byte(0249)  1:  [0], 0
byte(0250)  1:  [0], 0
byte(0251)  1:  [0], 0
byte(0252)  1:  [0], 0
byte(0253)  1:  [0], 0
byte(0254)  1:  [0], 0
byte(0255)  1:  [0], 0
byte(0256)  1:  [0], 0
byte(0257)  1:  [0], 0
byte(0258)  1:  [0], 0
byte(0259)  1:  [0], 0
byte(0260)  1:  [0], 0
byte(0261)  1:  [0], 0
byte(0262)  1:  [0], 0
byte(0263)  1:  [0], 0
byte(0264)  1:  [0], 0
byte(0265)  1:  [0], 0
byte(0266)  1:  [0], 0
byte(0267)  1:  [0], 0
byte(0268)  1:  [0], 0
byte(0269)  1:  [0], 0
byte(0270)  1:  [0], 0
byte(0271)  1:  [0], 0
byte(0272)  1:  [0], 0
byte(0273)  1:  [0], 0
byte(0274)  1:  [0], 0
byte(0275)  1:  [0], 0
byte(0276)  1:  [0], 0
byte(0277)  1:  [0], 0
byte(0278)  1:  [0], 0
byte(0279)  1:  [0], 0
byte(0280)  1:  [0], 0
byte(0281)  1:  [0], 0
byte(0282)  1:  [0], 0
byte(0283)  1:  [0], 0
byte(0284)  1:  [0], 0
byte(0285)  1:  [0], 0
byte(0286)  1:  [0], 0
byte(0287)  1:  [0], 0
byte(0288)  1:  [0], 0
byte(0289)  1:  [0], 0
byte(0290)  1:  [0], 0
byte(0291)  1:  [0], 0
byte(0292)  1:  [0], 0
byte(0293)  1:  [0], 0
byte(0294)  1:  [0], 0
byte(0295)  1:  [0], 0
byte(0296)  1:  [0], 0
byte(0297)  1:  [0], 0
byte(0298)  1:  [0], 0
byte(0299)  1:  [0], 0
byte(0300)  1:  [0], 0
byte(0301)  1:  [0], 0
byte(0302)  1:  [0], 0
byte(0303)  1:  [0], 0
byte(0304)  1:  [0], 0
byte(0305)  1:  [0], 0
byte(0306)  1:  [0], 0
byte(0307)  1:  [0], 0
byte(0308)  1:  [0], 0
byte(0309)  1:  [0], 0
byte(0310)  1:  [0], 0
byte(0311)  1:  [0], 0
byte(0312)  1:  [0], 0
byte(0313)  1:  [0], 0
byte(0314)  1:  [0], 0
byte(0315)  1:  [0], 0
byte(0316)  1:  [0], 0
byte(0317)  1:  [0], 0
byte(0318)  1:  [0], 0
byte(0319)  1:  [0], 0
byte(0320)  1:  [0], 0
byte(0321)  1:  [0], 0
byte(0322)  1:  [0], 0
byte(0323)  1:  [0], 0
byte(0324)  1:  [0], 0
byte(0325)  1:  [0], 0
byte(0326)  1:  [0], 0
byte(0327)  1:  [0], 0
byte(0328)  1:  [0], 0
byte(0329)  1:  [0], 0
byte(0330)  1:  [0], 0
byte(0331)  1:  [0], 0
byte(0332)  1:  [0], 0
byte(0333)  1:  [0], 0
byte(0334)  1:  [0], 0
byte(0335)  1:  [0], 0
byte(0336)  1:  [0], 0
byte(0337)  1:  [0], 0
byte(0338)  1:  [0], 0
byte(0339)  1:  [0], 0
byte(0340)  1:  [0], 0
byte(0341)  1:  [0], 0
byte(0342)  1:  [0], 0
byte(0343)  1:  [0], 0
byte(0344)  1:  [0], 0
byte(0345)  1:  [0], 0
byte(0346)  1:  [0], 0
byte(0347)  1:  [0], 0
byte(0348)  1:  [0], 0
byte(0349)  1:  [0], 0
byte(0350)  1:  [0], 0
byte(0351)  1:  [0], 0
byte(0352)  1:  [0], 0
byte(0353)  1:  [0], 0
byte(0354)  1:  [0], 0
byte(0355)  1:  [0], 0
byte(0356)  1:  [0], 0
byte(0357)  1:  [0], 0
byte(0358)  1:  [0], 0
byte(0359)  1:  [0], 0
byte(0360)  1:  [0], 0
byte(0361)  1:  [0], 0
byte(0362)  1:  [0], 0
byte(0363)  1:  [0], 0
byte(0364)  1:  [0], 0
byte(0365)  1:  [0], 0
byte(0366)  1:  [0], 0
byte(0367)  1:  [0], 0
byte(0368)  1:  [0], 0
byte(0369)  1:  [0], 0
byte(0370)  1:  [0], 0
byte(0371)  1:  [0], 0
byte(0372)  1:  [0], 0
byte(0373)  1:  [0], 0
byte(0374)  1:  [0], 0
byte(0375)  1:  [0], 0
byte(0376)  1:  [0], 0
byte(0377)  1:  [0], 0
byte(0378)  1:  [0], 0
byte(0379)  1:  [0], 0
byte(0380)  1:  [0], 0
byte(0381)  1:  [0], 0
byte(0382)  1:  [0], 0
byte(0383)  1:  [0], 0
byte(0384)  1:  [0], 0
byte(0385)  1:  [0], 0
byte(0386)  1:  [0], 0
byte(0387)  1:  [0], 0
byte(0388)  1:  [0], 0
byte(0389)  1:  [0], 0
byte(0390)  1:  [0], 0
byte(0391)  1:  [0], 0
byte(0392)  1:  [0], 0
byte(0393)  1:  [0], 0
byte(0394)  1:  [0], 0
byte(0395)  1:  [0], 0
byte(0396)  1:  [0], 0
byte(0397)  1:  [0], 0
byte(0398)  1:  [0], 0
byte(0399)  1:  [0], 0
byte(0400)  1:  [0], 0
byte(0401)  1:  [0], 0
byte(0402)  1:  [0], 0
byte(0403)  1:  [0], 0
byte(0404)  1:  [0], 0
byte(0405)  1:  [0], 0
byte(0406)  1:  [0], 0
byte(0407)  1:  [0], 0
byte(0408)  80:  [0], 0
byte(0409)  40:  [1], 0
byte(0410)  40:  [1], 0
byte(0411)  40:  [1], 0
byte(0412)  40:  [1], 0
byte(0413)  40:  [1], 0
byte(0414)  40:  [1], 0
byte(0415)  20:  [1], 0
byte(0416)  20:  [1], 0
byte(0417)  20:  [1], 0
byte(0418)  20:  [1], 0
byte(0419)  20:  [1], 0
byte(0420)  20:  [1], 0
byte(0421)  10:  [1], 0
byte(0422)  8:  [1], 0
byte(0423)  4:  [1], 0
byte(0424)  4:  [1], 0
byte(0425)  FF:  [1], 0
byte(0426)  FF:  [1], 0
byte(0427)  2:  [1], 0
byte(0428)  2:  [1], 0
byte(0429)  2:  [1], 0
byte(0430)  2:  [1], 0
byte(0431)  2:  [1], 0
byte(0432)  2:  [1], 0
byte(0433)  2:  [1], 0
byte(0434)  2:  [1], 0
byte(0435)  2:  [1], 0
byte(0436)  2:  [1], 0
byte(0437)  2:  [1], 0
byte(0438)  2:  [1], 0
byte(0439)  2:  [1], 0
byte(0440)  2:  [1], 0
byte(0441)  2:  [1], 0
byte(0442)  2:  [1], 0
byte(0443)  2:  [1], 0
byte(0444)  2:  [1], 0
byte(0445)  2:  [1], 0
byte(0446)  2:  [1], 0
byte(0447)  2:  [1], 0
byte(0448)  2:  [1], 0
byte(0449)  2:  [1], 0
byte(0450)  2:  [1], 0
byte(0451)  2:  [1], 0
byte(0452)  2:  [1], 0
byte(0453)  2:  [1], 0
byte(0454)  2:  [1], 0
byte(0455)  2:  [1], 0
byte(0456)  2:  [1], 0
byte(0457)  2:  [1], 0
byte(0458)  2:  [1], 0
byte(0459)  2:  [1], 0
byte(0460)  2:  [1], 0
byte(0461)  2:  [1], 0
byte(0462)  2:  [1], 0
byte(0463)  2:  [1], 0
byte(0464)  2:  [1], 0
byte(0465)  2:  [1], 0
byte(0466)  2:  [1], 0
byte(0467)  2:  [1], 0
byte(0468)  2:  [1], 0
byte(0469)  2:  [1], 0
byte(0470)  2:  [1], 0
byte(0471)  2:  [1], 0
byte(0472)  1:  [1], 0
byte(0473)  1:  [0], 0
byte(0474)  1:  [0], 0
byte(0475)  1:  [0], 0
byte(0476)  1:  [0], 0
byte(0477)  1:  [0], 0
byte(0478)  1:  [0], 0
byte(0479)  1:  [0], 0
byte(0480)  1:  [0], 0
byte(0481)  1:  [0], 0
byte(0482)  1:  [0], 0
byte(0483)  1:  [0], 0
byte(0484)  1:  [0], 0
byte(0485)  1:  [0], 0
byte(0486)  1:  [0], 0
byte(0487)  1:  [0], 0
byte(0488)  1:  [0], 0
byte(0489)  1:  [0], 0
byte(0490)  1:  [0], 0
byte(0491)  1:  [0], 0
byte(0492)  1:  [0], 0
byte(0493)  1:  [0], 0
byte(0494)  1:  [0], 0
byte(0495)  1:  [0], 0
byte(0496)  1:  [0], 0
byte(0497)  1:  [0], 0
byte(0498)  1:  [0], 0
byte(0499)  1:  [0], 0
byte(0500)  1:  [0], 0
byte(0501)  1:  [0], 0
byte(0502)  1:  [0], 0
byte(0503)  1:  [0], 0
byte(0504)  1:  [0], 0
byte(0505)  1:  [0], 0
byte(0506)  1:  [0], 0
byte(0507)  1:  [0], 0
byte(0508)  1:  [0], 0
byte(0509)  1:  [0], 0
byte(0510)  1:  [0], 0
byte(0511)  1:  [0], 0
byte(0512)  1:  [0], 0
byte(0513)  1:  [0], 0
byte(0514)  1:  [0], 0
byte(0515)  1:  [0], 0
byte(0516)  1:  [0], 0
byte(0517)  1:  [0], 0
byte(0518)  1:  [0], 0
byte(0519)  1:  [0], 0
byte(0520)  1:  [0], 0
byte(0521)  1:  [0], 0
byte(0522)  1:  [0], 0
byte(0523)  1:  [0], 0
byte(0524)  1:  [0], 0
byte(0525)  1:  [0], 0
byte(0526)  1:  [0], 0
byte(0527)  1:  [0], 0
byte(0528)  1:  [0], 0
byte(0529)  1:  [0], 0
byte(0530)  1:  [0], 0
byte(0531)  1:  [0], 0
byte(0532)  1:  [0], 0
byte(0533)  1:  [0], 0
byte(0534)  1:  [0], 0
byte(0535)  1:  [0], 0
byte(0536)  1:  [0], 0
byte(0537)  1:  [0], 0
byte(0538)  1:  [0], 0
byte(0539)  1:  [0], 0
byte(0540)  1:  [0], 0
byte(0541)  1:  [0], 0
byte(0542)  1:  [0], 0
byte(0543)  1:  [0], 0
byte(0544)  1:  [0], 0
byte(0545)  1:  [0], 0
byte(0546)  1:  [0], 0
byte(0547)  1:  [0], 0
byte(0548)  1:  [0], 0
byte(0549)  1:  [0], 0
byte(0550)  1:  [0], 0
byte(0551)  1:  [0], 0
byte(0552)  1:  [0], 0
byte(0553)  1:  [0], 0
byte(0554)  1:  [0], 0
byte(0555)  1:  [0], 0
byte(0556)  1:  [0], 0
byte(0557)  1:  [0], 0
byte(0558)  1:  [0], 0
byte(0559)  1:  [0], 0
byte(0560)  1:  [0], 0
byte(0561)  1:  [0], 0
byte(0562)  1:  [0], 0
byte(0563)  1:  [0], 0
byte(0564)  1:  [0], 0
byte(0565)  1:  [0], 0
byte(0566)  1:  [0], 0
byte(0567)  1:  [0], 0
byte(0568)  1:  [0], 0
byte(0569)  1:  [0], 0
byte(0570)  1:  [0], 0
byte(0571)  1:  [0], 0
byte(0572)  1:  [0], 0
byte(0573)  1:  [0], 0
byte(0574)  1:  [0], 0
byte(0575)  1:  [0], 0
byte(0576)  1:  [0], 0
byte(0577)  1:  [0], 0
byte(0578)  1:  [0], 0
byte(0579)  1:  [0], 0
byte(0580)  1:  [0], 0
byte(0581)  1:  [0], 0
byte(0582)  1:  [0], 0
byte(0583)  1:  [0], 0
byte(0584)  1:  [0], 0
byte(0585)  1:  [0], 0
byte(0586)  1:  [0], 0
byte(0587)  1:  [0], 0
byte(0588)  1:  [0], 0
byte(0589)  1:  [0], 0
byte(0590)  1:  [0], 0
byte(0591)  1:  [0], 0
byte(0592)  1:  [0], 0
byte(0593)  1:  [0], 0
byte(0594)  1:  [0], 0
byte(0595)  1:  [0], 0
byte(0596)  1:  [0], 0
byte(0597)  1:  [0], 0
byte(0598)  1:  [0], 0
byte(0599)  1:  [0], 0
byte(0600)  1:  [0], 0
byte(0601)  1:  [0], 0
byte(0602)  1:  [0], 0
byte(0603)  1:  [0], 0
byte(0604)  1:  [0], 0
byte(0605)  1:  [0], 0
byte(0606)  1:  [0], 0
byte(0607)  1:  [0], 0
byte(0608)  1:  [0], 0
byte(0609)  1:  [0], 0
byte(0610)  1:  [0], 0
byte(0611)  1:  [0], 0
byte(0612)  1:  [0], 0
byte(0613)  1:  [0], 0
byte(0614)  1:  [0], 0
byte(0615)  1:  [0], 0
byte(0616)  1:  [0], 0
byte(0617)  1:  [0], 0
byte(0618)  1:  [0], 0
byte(0619)  1:  [0], 0
byte(0620)  1:  [0], 0
byte(0621)  1:  [0], 0
byte(0622)  1:  [0], 0
byte(0623)  1:  [0], 0
byte(0624)  1:  [0], 0
byte(0625)  1:  [0], 0
byte(0626)  1:  [0], 0
byte(0627)  1:  [0], 0
byte(0628)  1:  [0], 0
byte(0629)  1:  [0], 0
byte(0630)  1:  [0], 0
byte(0631)  1:  [0], 0
byte(0632)  1:  [0], 0
byte(0633)  1:  [0], 0
byte(0634)  1:  [0], 0
byte(0635)  1:  [0], 0
byte(0636)  1:  [0], 0
byte(0637)  1:  [0], 0
byte(0638)  1:  [0], 0
byte(0639)  1:  [0], 0
byte(0640)  1:  [0], 0
byte(0641)  1:  [0], 0
byte(0642)  1:  [0], 0
byte(0643)  1:  [0], 0
byte(0644)  1:  [0], 0
byte(0645)  1:  [0], 0
byte(0646)  1:  [0], 0
byte(0647)  1:  [0], 0
byte(0648)  1:  [0], 0
byte(0649)  1:  [0], 0
byte(0650)  1:  [0], 0
byte(0651)  1:  [0], 0
byte(0652)  1:  [0], 0
byte(0653)  1:  [0], 0
byte(0654)  1:  [0], 0
byte(0655)  1:  [0], 0
byte(0656)  1:  [0], 0
byte(0657)  1:  [0], 0
byte(0658)  1:  [0], 0
byte(0659)  1:  [0], 0
byte(0660)  1:  [0], 0
byte(0661)  1:  [0], 0
byte(0662)  1:  [0], 0
byte(0663)  1:  [0], 0
byte(0664)  1:  [0], 0
byte(0665)  1:  [0], 0
byte(0666)  1:  [0], 0
byte(0667)  1:  [0], 0
byte(0668)  1:  [0], 0
byte(0669)  1:  [0], 0
byte(0670)  1:  [0], 0
byte(0671)  1:  [0], 0
byte(0672)  1:  [0], 0
byte(0673)  1:  [0], 0
byte(0674)  1:  [0], 0
byte(0675)  1:  [0], 0
byte(0676)  1:  [0], 0
byte(0677)  1:  [0], 0
byte(0678)  1:  [0], 0
byte(0679)  1:  [0], 0
byte(0680)  1:  [0], 0
byte(0681)  1:  [0], 0
byte(0682)  1:  [0], 0
byte(0683)  1:  [0], 0
byte(0684)  1:  [0], 0
byte(0685)  1:  [0], 0
byte(0686)  1:  [0], 0
byte(0687)  1:  [0], 0
byte(0688)  1:  [0], 0
byte(0689)  1:  [0], 0
byte(0690)  1:  [0], 0
byte(0691)  1:  [0], 0
byte(0692)  1:  [0], 0
byte(0693)  1:  [0], 0
byte(0694)  1:  [0], 0
byte(0695)  1:  [0], 0
byte(0696)  1:  [0], 0
byte(0697)  1:  [0], 0
byte(0698)  1:  [0], 0
byte(0699)  1:  [0], 0
byte(0700)  1:  [0], 0
byte(0701)  1:  [0], 0
byte(0702)  1:  [0], 0
byte(0703)  1:  [0], 0
byte(0704)  1:  [0], 0
byte(0705)  1:  [0], 0
byte(0706)  1:  [0], 0
byte(0707)  1:  [0], 0
byte(0708)  1:  [0], 0
byte(0709)  1:  [0], 0
byte(0710)  1:  [0], 0
byte(0711)  1:  [0], 0
byte(0712)  1:  [0], 0
byte(0713)  1:  [0], 0
byte(0714)  1:  [0], 0
byte(0715)  1:  [0], 0
byte(0716)  1:  [0], 0
byte(0717)  1:  [0], 0
byte(0718)  1:  [0], 0
byte(0719)  1:  [0], 0
byte(0720)  1:  [0], 0
byte(0721)  1:  [0], 0
byte(0722)  1:  [0], 0
byte(0723)  1:  [0], 0
byte(0724)  1:  [0], 0
byte(0725)  1:  [0], 0
byte(0726)  1:  [0], 0
byte(0727)  1:  [0], 0
byte(0728)  1:  [0], 0
byte(0729)  1:  [0], 0
byte(0730)  1:  [0], 0
byte(0731)  1:  [0], 0
byte(0732)  1:  [0], 0
byte(0733)  1:  [0], 0
byte(0734)  1:  [0], 0
byte(0735)  1:  [0], 0
byte(0736)  1:  [0], 0
byte(0737)  1:  [0], 0
byte(0738)  1:  [0], 0
byte(0739)  1:  [0], 0
byte(0740)  1:  [0], 0
byte(0741)  1:  [0], 0
byte(0742)  1:  [0], 0
byte(0743)  1:  [0], 0
byte(0744)  1:  [0], 0
byte(0745)  1:  [0], 0
byte(0746)  1:  [0], 0
byte(0747)  1:  [0], 0
byte(0748)  1:  [0], 0
byte(0749)  1:  [0], 0
byte(0750)  1:  [0], 0
byte(0751)  1:  [0], 0
byte(0752)  1:  [0], 0
byte(0753)  1:  [0], 0
byte(0754)  1:  [0], 0
byte(0755)  1:  [0], 0
byte(0756)  1:  [0], 0
byte(0757)  1:  [0], 0
byte(0758)  1:  [0], 0
byte(0759)  1:  [0], 0
byte(0760)  1:  [0], 0
byte(0761)  1:  [0], 0
byte(0762)  1:  [0], 0
byte(0763)  1:  [0], 0
byte(0764)  1:  [0], 0
byte(0765)  1:  [0], 0
byte(0766)  1:  [0], 0
byte(0767)  1:  [0], 0
byte(0768)  1:  [0], 0
byte(0769)  1:  [0], 0
byte(0770)  1:  [0], 0
byte(0771)  1:  [0], 0
byte(0772)  1:  [0], 0
byte(0773)  1:  [0], 0
byte(0774)  1:  [0], 0
byte(0775)  1:  [0], 0
byte(0776)  1:  [0], 0
byte(0777)  1:  [0], 0
byte(0778)  1:  [0], 0
byte(0779)  1:  [0], 0
byte(0780)  1:  [0], 0
byte(0781)  1:  [0], 0
byte(0782)  1:  [0], 0
byte(0783)  1:  [0], 0
byte(0784)  1:  [0], 0
byte(0785)  1:  [0], 0
byte(0786)  1:  [0], 0
byte(0787)  1:  [0], 0
byte(0788)  1:  [0], 0
byte(0789)  1:  [0], 0
byte(0790)  1:  [0], 0
byte(0791)  1:  [0], 0
byte(0792)  1:  [0], 0
byte(0793)  1:  [0], 0
byte(0794)  1:  [0], 0
byte(0795)  1:  [0], 0
byte(0796)  1:  [0], 0
byte(0797)  1:  [0], 0
byte(0798)  1:  [0], 0
byte(0799)  1:  [0], 0
byte(0800)  1:  [0], 0
byte(0801)  1:  [0], 0
byte(0802)  1:  [0], 0
byte(0803)  1:  [0], 0
byte(0804)  1:  [0], 0
byte(0805)  1:  [0], 0
byte(0806)  1:  [0], 0
byte(0807)  1:  [0], 0
byte(0808)  1:  [0], 0
byte(0809)  1:  [0], 0
byte(0810)  1:  [0], 0
byte(0811)  1:  [0], 0
byte(0812)  1:  [0], 0
byte(0813)  1:  [0], 0
byte(0814)  1:  [0], 0
byte(0815)  1:  [0], 0
byte(0816)  1:  [0], 0
byte(0817)  1:  [0], 0
byte(0818)  1:  [0], 0
byte(0819)  1:  [0], 0
byte(0820)  1:  [0], 0
byte(0821)  1:  [0], 0
byte(0822)  1:  [0], 0
byte(0823)  1:  [0], 0
byte(0824)  1:  [0], 0
byte(0825)  1:  [0], 0
byte(0826)  1:  [0], 0
byte(0827)  1:  [0], 0
byte(0828)  1:  [0], 0
byte(0829)  1:  [0], 0
byte(0830)  1:  [0], 0
byte(0831)  1:  [0], 0
byte(0832)  1:  [0], 0
byte(0833)  1:  [0], 0
byte(0834)  1:  [0], 0
byte(0835)  1:  [0], 0
byte(0836)  1:  [0], 0
byte(0837)  1:  [0], 0
byte(0838)  1:  [0], 0
byte(0839)  1:  [0], 0
byte(0840)  1:  [0], 0
byte(0841)  1:  [0], 0
byte(0842)  1:  [0], 0
byte(0843)  1:  [0], 0
byte(0844)  1:  [0], 0
byte(0845)  1:  [0], 0
byte(0846)  1:  [0], 0
byte(0847)  1:  [0], 0
byte(0848)  1:  [0], 0
byte(0849)  1:  [0], 0
byte(0850)  1:  [0], 0
byte(0851)  1:  [0], 0
byte(0852)  1:  [0], 0
byte(0853)  1:  [0], 0
byte(0854)  1:  [0], 0
byte(0855)  1:  [0], 0
byte(0856)  1:  [0], 0
byte(0857)  1:  [0], 0
byte(0858)  1:  [0], 0
byte(0859)  1:  [0], 0
byte(0860)  1:  [0], 0
byte(0861)  1:  [0], 0
byte(0862)  1:  [0], 0
byte(0863)  1:  [0], 0
byte(0864)  1:  [0], 0
byte(0865)  1:  [0], 0
byte(0866)  1:  [0], 0
byte(0867)  1:  [0], 0
byte(0868)  1:  [0], 0
byte(0869)  1:  [0], 0
byte(0870)  1:  [0], 0
byte(0871)  1:  [0], 0
byte(0872)  1:  [0], 0
byte(0873)  1:  [0], 0
byte(0874)  1:  [0], 0
byte(0875)  1:  [0], 0
byte(0876)  1:  [0], 0
byte(0877)  1:  [0], 0
byte(0878)  1:  [0], 0
byte(0879)  1:  [0], 0
byte(0880)  1:  [0], 0
byte(0881)  1:  [0], 0
byte(0882)  1:  [0], 0
byte(0883)  1:  [0], 0
byte(0884)  1:  [0], 0
byte(0885)  1:  [0], 0
byte(0886)  1:  [0], 0
byte(0887)  1:  [0], 0
byte(0888)  1:  [0], 0
byte(0889)  1:  [0], 0
byte(0890)  1:  [0], 0
byte(0891)  1:  [0], 0
byte(0892)  1:  [0], 0
byte(0893)  1:  [0], 0
byte(0894)  1:  [0], 0
byte(0895)  1:  [0], 0
byte(0896)  1:  [0], 0
byte(0897)  1:  [0], 0
byte(0898)  1:  [0], 0
byte(0899)  1:  [0], 0
byte(0900)  1:  [0], 0
byte(0901)  1:  [0], 0
byte(0902)  1:  [0], 0
byte(0903)  1:  [0], 0
byte(0904)  1:  [0], 0
byte(0905)  1:  [0], 0
byte(0906)  1:  [0], 0
byte(0907)  1:  [0], 0
byte(0908)  1:  [0], 0
byte(0909)  1:  [0], 0
byte(0910)  1:  [0], 0
byte(0911)  1:  [0], 0
byte(0912)  1:  [0], 0
byte(0913)  1:  [0], 0
byte(0914)  1:  [0], 0
byte(0915)  1:  [0], 0
byte(0916)  1:  [0], 0
byte(0917)  1:  [0], 0
byte(0918)  1:  [0], 0
byte(0919)  1:  [0], 0
byte(0920)  1:  [0], 0
byte(0921)  1:  [0], 0
byte(0922)  1:  [0], 0
byte(0923)  1:  [0], 0
byte(0924)  1:  [0], 0
byte(0925)  1:  [0], 0
byte(0926)  1:  [0], 0
byte(0927)  1:  [0], 0
byte(0928)  1:  [0], 0
byte(0929)  1:  [0], 0
byte(0930)  1:  [0], 0
byte(0931)  1:  [0], 0
byte(0932)  1:  [0], 0
byte(0933)  1:  [0], 0
byte(0934)  1:  [0], 0
byte(0935)  1:  [0], 0
byte(0936)  1:  [0], 0
byte(0937)  1:  [0], 0
byte(0938)  1:  [0], 0
byte(0939)  1:  [0], 0
byte(0940)  1:  [0], 0
byte(0941)  1:  [0], 0
byte(0942)  1:  [0], 0
byte(0943)  1:  [0], 0
byte(0944)  1:  [0], 0
byte(0945)  1:  [0], 0
byte(0946)  1:  [0], 0
byte(0947)  1:  [0], 0
byte(0948)  1:  [0], 0
byte(0949)  1:  [0], 0
byte(0950)  1:  [0], 0
byte(0951)  1:  [0], 0
byte(0952)  1:  [0], 0
byte(0953)  1:  [0], 0
byte(0954)  1:  [0], 0
byte(0955)  1:  [0], 0
byte(0956)  1:  [0], 0
byte(0957)  1:  [0], 0
byte(0958)  1:  [0], 0
byte(0959)  1:  [0], 0
byte(0960)  1:  [0], 0
byte(0961)  1:  [0], 0
byte(0962)  1:  [0], 0
byte(0963)  1:  [0], 0
byte(0964)  1:  [0], 0
byte(0965)  1:  [0], 0
byte(0966)  1:  [0], 0
byte(0967)  1:  [0], 0
byte(0968)  1:  [0], 0
byte(0969)  1:  [0], 0
byte(0970)  1:  [0], 0
byte(0971)  1:  [0], 0
byte(0972)  1:  [0], 0
byte(0973)  1:  [0], 0
byte(0974)  1:  [0], 0
byte(0975)  1:  [0], 0
byte(0976)  1:  [0], 0
byte(0977)  1:  [0], 0
byte(0978)  1:  [0], 0
byte(0979)  1:  [0], 0
byte(0980)  1:  [0], 0
byte(0981)  1:  [0], 0
byte(0982)  1:  [0], 0
byte(0983)  1:  [0], 0
byte(0984)  1:  [0], 0
byte(0985)  1:  [0], 0
byte(0986)  1:  [0], 0
byte(0987)  1:  [0], 0
byte(0988)  1:  [0], 0
byte(0989)  1:  [0], 0
byte(0990)  1:  [0], 0
byte(0991)  1:  [0], 0
byte(0992)  1:  [0], 0
byte(0993)  1:  [0], 0
byte(0994)  1:  [0], 0
byte(0995)  1:  [0], 0
byte(0996)  1:  [0], 0
byte(0997)  1:  [0], 0
byte(0998)  1:  [0], 0
byte(0999)  1:  [0], 0
byte(1000)  1:  [0], 0
byte(1001)  1:  [0], 0
byte(1002)  1:  [0], 0
byte(1003)  1:  [0], 0
byte(1004)  1:  [0], 0
byte(1005)  1:  [0], 0
byte(1006)  1:  [0], 0
byte(1007)  1:  [0], 0
byte(1008)  80:  [0], 0
byte(1009)  40:  [1], 0
byte(1010)  40:  [1], 0
byte(1011)  40:  [1], 0
byte(1012)  40:  [1], 0
byte(1013)  40:  [1], 0
byte(1014)  40:  [1], 0
byte(1015)  20:  [1], 0
byte(1016)  20:  [1], 0
byte(1017)  20:  [1], 0
byte(1018)  20:  [1], 0
byte(1019)  20:  [1], 0
byte(1020)  20:  [1], 0
byte(1021)  10:  [1], 0
byte(1022)  8:  [1], 0
byte(1023)  4:  [1], 0
byte(1024)  4:  [1], 0
byte(1025)  FF:  [1], 0
byte(1026)  FF:  [1], 0
byte(1027)  2:  [1], 0
byte(1028)  2:  [1], 0
byte(1029)  2:  [1], 0
byte(1030)  2:  [1], 0
byte(1031)  2:  [1], 0
byte(1032)  2:  [1], 0
byte(1033)  2:  [1], 0
byte(1034)  2:  [1], 0
byte(1035)  2:  [1], 0
byte(1036)  2:  [1], 0
byte(1037)  2:  [1], 0
byte(1038)  2:  [1], 0
byte(1039)  2:  [1], 0
byte(1040)  2:  [1], 0
byte(1041)  2:  [1], 0
byte(1042)  2:  [1], 0
byte(1043)  2:  [1], 0
byte(1044)  2:  [1], 0
byte(1045)  2:  [1], 0
byte(1046)  2:  [1], 0
byte(1047)  2:  [1], 0
byte(1048)  2:  [1], 0
byte(1049)  2:  [1], 0
byte(1050)  2:  [1], 0
byte(1051)  2:  [1], 0
byte(1052)  2:  [1], 0
byte(1053)  2:  [1], 0
byte(1054)  2:  [1], 0
byte(1055)  2:  [1], 0
byte(1056)  2:  [1], 0
byte(1057)  2:  [1], 0
byte(1058)  2:  [1], 0
byte(1059)  2:  [1], 0
byte(1060)  2:  [1], 0
byte(1061)  2:  [1], 0
byte(1062)  2:  [1], 0
byte(1063)  2:  [1], 0
byte(1064)  2:  [1], 0
byte(1065)  2:  [1], 0
byte(1066)  2:  [1], 0
byte(1067)  2:  [1], 0
byte(1068)  2:  [1], 0
byte(1069)  2:  [1], 0
byte(1070)  2:  [1], 0
byte(1071)  2:  [1], 0
byte(1072)  1:  [1], 0
byte(1073)  1:  [0], 0
byte(1074)  1:  [0], 0
byte(1075)  1:  [0], 0
byte(1076)  1:  [0], 0
byte(1077)  1:  [0], 0
byte(1078)  1:  [0], 0
byte(1079)  1:  [0], 0
byte(1080)  1:  [0], 0
byte(1081)  1:  [0], 0
byte(1082)  1:  [0], 0
byte(1083)  1:  [0], 0
byte(1084)  1:  [0], 0
byte(1085)  1:  [0], 0
byte(1086)  1:  [0], 0
byte(1087)  1:  [0], 0
byte(1088)  1:  [0], 0
byte(1089)  1:  [0], 0
byte(1090)  1:  [0], 0
byte(1091)  1:  [0], 0
byte(1092)  1:  [0], 0
byte(1093)  1:  [0], 0
byte(1094)  1:  [0], 0
byte(1095)  1:  [0], 0
byte(1096)  1:  [0], 0
byte(1097)  1:  [0], 0
byte(1098)  1:  [0], 0
byte(1099)  1:  [0], 0
byte(1100)  1:  [0], 0
byte(1101)  1:  [0], 0
byte(1102)  1:  [0], 0
byte(1103)  1:  [0], 0
byte(1104)  1:  [0], 0
byte(1105)  1:  [0], 0
byte(1106)  1:  [0], 0
byte(1107)  1:  [0], 0
byte(1108)  1:  [0], 0
byte(1109)  1:  [0], 0
byte(1110)  1:  [0], 0
byte(1111)  1:  [0], 0
byte(1112)  1:  [0], 0
byte(1113)  1:  [0], 0
byte(1114)  1:  [0], 0
byte(1115)  1:  [0], 0
byte(1116)  1:  [0], 0
byte(1117)  1:  [0], 0
byte(1118)  1:  [0], 0
byte(1119)  1:  [0], 0
byte(1120)  1:  [0], 0
byte(1121)  1:  [0], 0
byte(1122)  1:  [0], 0
byte(1123)  1:  [0], 0
byte(1124)  1:  [0], 0
byte(1125)  1:  [0], 0
byte(1126)  1:  [0], 0
byte(1127)  1:  [0], 0
byte(1128)  1:  [0], 0
byte(1129)  1:  [0], 0
byte(1130)  1:  [0], 0
byte(1131)  1:  [0], 0
byte(1132)  1:  [0], 0
byte(1133)  1:  [0], 0
byte(1134)  1:  [0], 0
byte(1135)  1:  [0], 0
byte(1136)  1:  [0], 0
byte(1137)  1:  [0], 0
byte(1138)  1:  [0], 0
byte(1139)  1:  [0], 0
byte(1140)  1:  [0], 0
byte(1141)  1:  [0], 0
byte(1142)  1:  [0], 0
byte(1143)  1:  [0], 0
byte(1144)  1:  [0], 0
byte(1145)  1:  [0], 0
byte(1146)  1:  [0], 0
byte(1147)  1:  [0], 0
byte(1148)  1:  [0], 0
byte(1149)  1:  [0], 0
byte(1150)  1:  [0], 0
byte(1151)  1:  [0], 0
byte(1152)  1:  [0], 0
byte(1153)  1:  [0], 0
byte(1154)  1:  [0], 0
byte(1155)  1:  [0], 0
byte(1156)  1:  [0], 0
byte(1157)  1:  [0], 0
byte(1158)  1:  [0], 0
byte(1159)  1:  [0], 0
byte(1160)  1:  [0], 0
byte(1161)  1:  [0], 0
byte(1162)  1:  [0], 0
byte(1163)  1:  [0], 0
byte(1164)  1:  [0], 0
byte(1165)  1:  [0], 0
byte(1166)  1:  [0], 0
byte(1167)  1:  [0], 0
byte(1168)  1:  [0], 0
byte(1169)  1:  [0], 0
byte(1170)  1:  [0], 0
byte(1171)  1:  [0], 0
byte(1172)  1:  [0], 0
byte(1173)  1:  [0], 0
byte(1174)  1:  [0], 0
byte(1175)  1:  [0], 0
byte(1176)  1:  [0], 0
byte(1177)  1:  [0], 0
byte(1178)  1:  [0], 0
byte(1179)  1:  [0], 0
byte(1180)  1:  [0], 0
byte(1181)  1:  [0], 0
byte(1182)  1:  [0], 0
byte(1183)  1:  [0], 0
byte(1184)  1:  [0], 0
byte(1185)  1:  [0], 0
byte(1186)  1:  [0], 0
byte(1187)  1:  [0], 0
byte(1188)  1:  [0], 0
byte(1189)  1:  [0], 0
byte(1190)  1:  [0], 0
byte(1191)  1:  [0], 0
byte(1192)  1:  [0], 0
byte(1193)  1:  [0], 0
byte(1194)  1:  [0], 0
byte(1195)  1:  [0], 0
byte(1196)  1:  [0], 0
byte(1197)  1:  [0], 0
byte(1198)  1:  [0], 0
byte(1199)  1:  [0], 0
byte(1200)  1:  [0], 0
byte(1201)  1:  [0], 0
byte(1202)  1:  [0], 0
byte(1203)  1:  [0], 0
byte(1204)  1:  [0], 0
byte(1205)  1:  [0], 0
byte(1206)  1:  [0], 0
byte(1207)  1:  [0], 0
byte(1208)  1:  [0], 0
byte(1209)  1:  [0], 0
byte(1210)  1:  [0], 0
byte(1211)  1:  [0], 0
byte(1212)  1:  [0], 0
byte(1213)  1:  [0], 0
byte(1214)  1:  [0], 0
byte(1215)  1:  [0], 0
byte(1216)  1:  [0], 0
byte(1217)  1:  [0], 0
byte(1218)  1:  [0], 0
byte(1219)  1:  [0], 0
byte(1220)  1:  [0], 0
byte(1221)  1:  [0], 0
byte(1222)  1:  [0], 0
byte(1223)  1:  [0], 0
byte(1224)  1:  [0], 0
byte(1225)  1:  [0], 0
byte(1226)  1:  [0], 0
byte(1227)  1:  [0], 0
byte(1228)  1:  [0], 0
byte(1229)  1:  [0], 0
byte(1230)  1:  [0], 0
byte(1231)  1:  [0], 0
byte(1232)  1:  [0], 0
byte(1233)  1:  [0], 0
byte(1234)  1:  [0], 0
byte(1235)  1:  [0], 0
byte(1236)  1:  [0], 0
byte(1237)  1:  [0], 0
byte(1238)  1:  [0], 0
byte(1239)  1:  [0], 0
byte(1240)  1:  [0], 0
byte(1241)  1:  [0], 0
byte(1242)  1:  [0], 0
byte(1243)  1:  [0], 0
byte(1244)  1:  [0], 0
byte(1245)  1:  [0], 0
byte(1246)  1:  [0], 0
byte(1247)  1:  [0], 0
byte(1248)  1:  [0], 0
byte(1249)  1:  [0], 0
byte(1250)  1:  [0], 0
byte(1251)  1:  [0], 0
byte(1252)  1:  [0], 0
byte(1253)  1:  [0], 0
byte(1254)  1:  [0], 0
byte(1255)  1:  [0], 0
byte(1256)  1:  [0], 0
byte(1257)  1:  [0], 0
byte(1258)  1:  [0], 0
byte(1259)  1:  [0], 0
byte(1260)  1:  [0], 0
byte(1261)  1:  [0], 0
byte(1262)  1:  [0], 0
byte(1263)  1:  [0], 0
byte(1264)  1:  [0], 0
byte(1265)  1:  [0], 0
byte(1266)  1:  [0], 0
byte(1267)  1:  [0], 0
byte(1268)  1:  [0], 0
byte(1269)  1:  [0], 0
byte(1270)  1:  [0], 0
byte(1271)  1:  [0], 0
byte(1272)  1:  [0], 0
byte(1273)  1:  [0], 0
byte(1274)  1:  [0], 0
byte(1275)  1:  [0], 0
byte(1276)  1:  [0], 0
byte(1277)  1:  [0], 0
byte(1278)  1:  [0], 0
byte(1279)  1:  [0], 0
byte(1280)  1:  [0], 0
byte(1281)  1:  [0], 0
byte(1282)  1:  [0], 0
byte(1283)  1:  [0], 0
byte(1284)  1:  [0], 0
byte(1285)  1:  [0], 0
byte(1286)  1:  [0], 0
byte(1287)  1:  [0], 0
byte(1288)  1:  [0], 0
byte(1289)  1:  [0], 0
byte(1290)  1:  [0], 0
byte(1291)  1:  [0], 0
byte(1292)  1:  [0], 0
byte(1293)  1:  [0], 0
byte(1294)  1:  [0], 0
byte(1295)  1:  [0], 0
byte(1296)  1:  [0], 0
byte(1297)  1:  [0], 0
byte(1298)  1:  [0], 0
byte(1299)  1:  [0], 0
byte(1300)  1:  [0], 0
byte(1301)  1:  [0], 0
byte(1302)  1:  [0], 0
byte(1303)  1:  [0], 0
byte(1304)  1:  [0], 0
byte(1305)  1:  [0], 0
byte(1306)  1:  [0], 0
byte(1307)  1:  [0], 0
byte(1308)  1:  [0], 0
byte(1309)  1:  [0], 0
byte(1310)  1:  [0], 0
byte(1311)  1:  [0], 0
byte(1312)  1:  [0], 0
byte(1313)  1:  [0], 0
byte(1314)  1:  [0], 0
byte(1315)  1:  [0], 0
byte(1316)  1:  [0], 0
byte(1317)  1:  [0], 0
byte(1318)  1:  [0], 0
byte(1319)  1:  [0], 0
byte(1320)  1:  [0], 0
byte(1321)  1:  [0], 0
byte(1322)  1:  [0], 0
byte(1323)  1:  [0], 0
byte(1324)  1:  [0], 0
byte(1325)  1:  [0], 0
byte(1326)  1:  [0], 0
byte(1327)  1:  [0], 0
byte(1328)  1:  [0], 0
byte(1329)  1:  [0], 0
byte(1330)  1:  [0], 0
byte(1331)  1:  [0], 0
byte(1332)  1:  [0], 0
byte(1333)  1:  [0], 0
byte(1334)  1:  [0], 0
byte(1335)  1:  [0], 0
byte(1336)  1:  [0], 0
byte(1337)  1:  [0], 0
byte(1338)  1:  [0], 0
byte(1339)  1:  [0], 0
byte(1340)  1:  [0], 0
byte(1341)  1:  [0], 0
byte(1342)  1:  [0], 0
byte(1343)  1:  [0], 0
byte(1344)  1:  [0], 0
byte(1345)  1:  [0], 0
byte(1346)  1:  [0], 0
byte(1347)  1:  [0], 0
byte(1348)  1:  [0], 0
byte(1349)  1:  [0], 0
byte(1350)  1:  [0], 0
byte(1351)  1:  [0], 0
byte(1352)  1:  [0], 0
byte(1353)  1:  [0], 0
byte(1354)  1:  [0], 0
byte(1355)  1:  [0], 0
byte(1356)  1:  [0], 0
byte(1357)  1:  [0], 0
byte(1358)  1:  [0], 0
byte(1359)  1:  [0], 0
byte(1360)  1:  [0], 0
byte(1361)  1:  [0], 0
byte(1362)  1:  [0], 0
byte(1363)  1:  [0], 0
byte(1364)  1:  [0], 0
byte(1365)  1:  [0], 0
byte(1366)  1:  [0], 0
byte(1367)  1:  [0], 0
byte(1368)  1:  [0], 0
byte(1369)  1:  [0], 0
byte(1370)  1:  [0], 0
byte(1371)  1:  [0], 0
byte(1372)  1:  [0], 0
byte(1373)  1:  [0], 0
byte(1374)  1:  [0], 0
byte(1375)  1:  [0], 0
byte(1376)  1:  [0], 0
byte(1377)  1:  [0], 0
byte(1378)  1:  [0], 0
byte(1379)  1:  [0], 0
byte(1380)  1:  [0], 0
byte(1381)  1:  [0], 0
byte(1382)  1:  [0], 0
byte(1383)  1:  [0], 0
byte(1384)  1:  [0], 0
byte(1385)  1:  [0], 0
byte(1386)  1:  [0], 0
byte(1387)  1:  [0], 0
byte(1388)  1:  [0], 0
byte(1389)  1:  [0], 0
byte(1390)  1:  [0], 0
byte(1391)  1:  [0], 0
byte(1392)  1:  [0], 0
byte(1393)  1:  [0], 0
byte(1394)  1:  [0], 0
byte(1395)  1:  [0], 0
byte(1396)  1:  [0], 0
byte(1397)  1:  [0], 0
byte(1398)  1:  [0], 0
byte(1399)  1:  [0], 0
byte(1400)  1:  [0], 0
byte(1401)  1:  [0], 0
byte(1402)  1:  [0], 0
byte(1403)  1:  [0], 0
byte(1404)  1:  [0], 0
byte(1405)  1:  [0], 0
byte(1406)  1:  [0], 0
byte(1407)  1:  [0], 0
byte(1408)  1:  [0], 0
byte(1409)  1:  [0], 0
byte(1410)  1:  [0], 0
byte(1411)  1:  [0], 0
byte(1412)  1:  [0], 0
byte(1413)  1:  [0], 0
byte(1414)  1:  [0], 0
byte(1415)  1:  [0], 0
byte(1416)  1:  [0], 0
byte(1417)  1:  [0], 0
byte(1418)  1:  [0], 0
byte(1419)  1:  [0], 0
byte(1420)  1:  [0], 0
byte(1421)  1:  [0], 0
byte(1422)  1:  [0], 0
byte(1423)  1:  [0], 0
byte(1424)  1:  [0], 0
byte(1425)  1:  [0], 0
byte(1426)  1:  [0], 0
byte(1427)  1:  [0], 0
byte(1428)  1:  [0], 0
byte(1429)  1:  [0], 0
byte(1430)  1:  [0], 0
byte(1431)  1:  [0], 0
byte(1432)  1:  [0], 0
byte(1433)  1:  [0], 0
byte(1434)  1:  [0], 0
byte(1435)  1:  [0], 0
byte(1436)  1:  [0], 0
byte(1437)  1:  [0], 0
byte(1438)  1:  [0], 0
byte(1439)  1:  [0], 0
byte(1440)  1:  [0], 0
byte(1441)  1:  [0], 0
byte(1442)  1:  [0], 0
byte(1443)  1:  [0], 0
byte(1444)  1:  [0], 0
byte(1445)  1:  [0], 0
byte(1446)  1:  [0], 0
byte(1447)  1:  [0], 0
byte(1448)  1:  [0], 0
byte(1449)  1:  [0], 0
byte(1450)  1:  [0], 0
byte(1451)  1:  [0], 0
byte(1452)  1:  [0], 0
byte(1453)  1:  [0], 0
byte(1454)  1:  [0], 0
byte(1455)  1:  [0], 0
byte(1456)  1:  [0], 0
byte(1457)  1:  [0], 0
byte(1458)  1:  [0], 0
byte(1459)  1:  [0], 0
byte(1460)  1:  [0], 0
byte(1461)  1:  [0], 0
byte(1462)  1:  [0], 0
byte(1463)  1:  [0], 0
byte(1464)  1:  [0], 0
byte(1465)  1:  [0], 0
byte(1466)  1:  [0], 0
byte(1467)  1:  [0], 0
byte(1468)  1:  [0], 0
byte(1469)  1:  [0], 0
byte(1470)  1:  [0], 0
byte(1471)  1:  [0], 0
byte(1472)  1:  [0], 0
byte(1473)  1:  [0], 0
byte(1474)  1:  [0], 0
byte(1475)  1:  [0], 0
byte(1476)  1:  [0], 0
byte(1477)  1:  [0], 0
byte(1478)  1:  [0], 0
byte(1479)  1:  [0], 0
byte(1480)  1:  [0], 0
byte(1481)  1:  [0], 0
byte(1482)  1:  [0], 0
byte(1483)  1:  [0], 0
byte(1484)  1:  [0], 0
byte(1485)  1:  [0], 0
byte(1486)  1:  [0], 0
byte(1487)  1:  [0], 0
byte(1488)  1:  [0], 0
byte(1489)  1:  [0], 0
byte(1490)  1:  [0], 0
byte(1491)  1:  [0], 0
byte(1492)  1:  [0], 0
byte(1493)  1:  [0], 0
byte(1494)  1:  [0], 0
byte(1495)  1:  [0], 0
byte(1496)  1:  [0], 0
byte(1497)  1:  [0], 0
byte(1498)  1:  [0], 0
byte(1499)  1:  [0], 0
byte(1500)  1:  [0], 0
byte(1501)  1:  [0], 0
byte(1502)  1:  [0], 0
byte(1503)  1:  [0], 0
byte(1504)  1:  [0], 0
byte(1505)  1:  [0], 0
byte(1506)  1:  [0], 0
byte(1507)  1:  [0], 0
byte(1508)  1:  [0], 0
byte(1509)  1:  [0], 0
byte(1510)  1:  [0], 0
byte(1511)  1:  [0], 0
byte(1512)  1:  [0], 0
byte(1513)  1:  [0], 0
byte(1514)  1:  [0], 0
byte(1515)  1:  [0], 0
byte(1516)  1:  [0], 0
byte(1517)  1:  [0], 0
byte(1518)  1:  [0], 0
byte(1519)  1:  [0], 0
byte(1520)  1:  [0], 0
byte(1521)  1:  [0], 0
byte(1522)  1:  [0], 0
byte(1523)  1:  [0], 0
byte(1524)  1:  [0], 0
byte(1525)  1:  [0], 0
byte(1526)  1:  [0], 0
byte(1527)  1:  [0], 0
byte(1528)  1:  [0], 0
byte(1529)  1:  [0], 0
byte(1530)  1:  [0], 0
byte(1531)  1:  [0], 0
byte(1532)  1:  [0], 0
byte(1533)  1:  [0], 0
byte(1534)  1:  [0], 0
byte(1535)  1:  [0], 0
byte(1536)  1:  [0], 0
byte(1537)  1:  [0], 0
byte(1538)  1:  [0], 0
byte(1539)  1:  [0], 0
byte(1540)  1:  [0], 0
byte(1541)  1:  [0], 0
byte(1542)  1:  [0], 0
byte(1543)  1:  [0], 0
byte(1544)  1:  [0], 0
byte(1545)  1:  [0], 0
byte(1546)  1:  [0], 0
byte(1547)  1:  [0], 0
byte(1548)  1:  [0], 0
byte(1549)  1:  [0], 0
byte(1550)  1:  [0], 0
byte(1551)  1:  [0], 0
byte(1552)  1:  [0], 0
byte(1553)  1:  [0], 0
byte(1554)  1:  [0], 0
byte(1555)  1:  [0], 0
byte(1556)  1:  [0], 0
byte(1557)  1:  [0], 0
byte(1558)  1:  [0], 0
byte(1559)  1:  [0], 0
byte(1560)  1:  [0], 0
byte(1561)  1:  [0], 0
byte(1562)  1:  [0], 0
byte(1563)  1:  [0], 0
byte(1564)  1:  [0], 0
byte(1565)  1:  [0], 0
byte(1566)  1:  [0], 0
byte(1567)  1:  [0], 0
byte(1568)  1:  [0], 0
byte(1569)  1:  [0], 0
byte(1570)  1:  [0], 0
byte(1571)  1:  [0], 0
byte(1572)  1:  [0], 0
byte(1573)  1:  [0], 0
byte(1574)  1:  [0], 0
byte(1575)  1:  [0], 0
byte(1576)  1:  [0], 0
byte(1577)  1:  [0], 0
byte(1578)  1:  [0], 0
byte(1579)  1:  [0], 0
byte(1580)  1:  [0], 0
byte(1581)  1:  [0], 0
byte(1582)  1:  [0], 0
byte(1583)  1:  [0], 0
byte(1584)  1:  [0], 0
byte(1585)  1:  [0], 0
byte(1586)  1:  [0], 0
byte(1587)  1:  [0], 0
byte(1588)  1:  [0], 0
byte(1589)  1:  [0], 0
byte(1590)  1:  [0], 0
byte(1591)  1:  [0], 0
byte(1592)  1:  [0], 0
byte(1593)  1:  [0], 0
byte(1594)  1:  [0], 0
byte(1595)  1:  [0], 0
byte(1596)  1:  [0], 0
byte(1597)  1:  [0], 0
byte(1598)  1:  [0], 0
byte(1599)  1:  [0], 0
byte(1600)  1:  [0], 0
byte(1601)  1:  [0], 0
byte(1602)  1:  [0], 0
byte(1603)  1:  [0], 0
byte(1604)  1:  [0], 0
byte(1605)  1:  [0], 0
byte(1606)  1:  [0], 0
byte(1607)  1:  [0], 0
byte(1608)  1:  [0], 0
byte(1609)  1:  [0], 0
byte(1610)  1:  [0], 0
byte(1611)  1:  [0], 0
byte(1612)  1:  [0], 0
byte(1613)  1:  [0], 0
byte(1614)  1:  [0], 0
byte(1615)  1:  [0], 0
byte(1616)  1:  [0], 0
byte(1617)  1:  [0], 0
byte(1618)  1:  [0], 0
byte(1619)  1:  [0], 0
byte(1620)  1:  [0], 0
byte(1621)  1:  [0], 0
byte(1622)  1:  [0], 0
byte(1623)  1:  [0], 0
byte(1624)  1:  [0], 0
byte(1625)  1:  [0], 0
byte(1626)  1:  [0], 0
byte(1627)  1:  [0], 0
byte(1628)  1:  [0], 0
byte(1629)  1:  [0], 0
byte(1630)  1:  [0], 0
byte(1631)  1:  [0], 0
byte(1632)  1:  [0], 0
byte(1633)  1:  [0], 0
byte(1634)  1:  [0], 0
byte(1635)  1:  [0], 0
byte(1636)  1:  [0], 0
byte(1637)  1:  [0], 0
byte(1638)  1:  [0], 0
byte(1639)  1:  [0], 0
byte(1640)  1:  [0], 0
byte(1641)  1:  [0], 0
byte(1642)  1:  [0], 0
byte(1643)  1:  [0], 0
byte(1644)  1:  [0], 0
byte(1645)  1:  [0], 0
byte(1646)  80:  [0], 0
byte(1647)  40:  [1], 0
byte(1648)  40:  [1], 0
byte(1649)  40:  [1], 0
byte(1650)  40:  [1], 0
byte(1651)  40:  [1], 0
byte(1652)  40:  [1], 0
byte(1653)  20:  [1], 0
byte(1654)  20:  [1], 0
byte(1655)  20:  [1], 0
byte(1656)  20:  [1], 0
byte(1657)  20:  [1], 0
byte(1658)  20:  [1], 0
byte(1659)  10:  [1], 0
byte(1660)  8:  [1], 0
byte(1661)  4:  [1], 0
byte(1662)  4:  [1], 0
byte(1663)  FF:  [1], 0
byte(1664)  FF:  [1], 0
byte(1665)  2:  [1], 0
byte(1666)  2:  [1], 0
byte(1667)  2:  [1], 0
byte(1668)  2:  [1], 0
byte(1669)  2:  [1], 0
byte(1670)  2:  [1], 0
byte(1671)  2:  [1], 0
byte(1672)  2:  [1], 0
byte(1673)  2:  [1], 0
byte(1674)  2:  [1], 0
byte(1675)  2:  [1], 0
byte(1676)  2:  [1], 0
byte(1677)  2:  [1], 0
byte(1678)  2:  [1], 0
byte(1679)  2:  [1], 0
byte(1680)  2:  [1], 0
byte(1681)  2:  [1], 0
byte(1682)  2:  [1], 0
byte(1683)  2:  [1], 0
byte(1684)  2:  [1], 0
byte(1685)  2:  [1], 0
byte(1686)  2:  [1], 0
byte(1687)  2:  [1], 0
byte(1688)  2:  [1], 0
byte(1689)  2:  [1], 0
byte(1690)  2:  [1], 0
byte(1691)  2:  [1], 0
byte(1692)  2:  [1], 0
byte(1693)  2:  [1], 0
byte(1694)  2:  [1], 0
byte(1695)  2:  [1], 0
byte(1696)  2:  [1], 0
byte(1697)  2:  [1], 0
byte(1698)  2:  [1], 0
byte(1699)  2:  [1], 0
byte(1700)  2:  [1], 0
byte(1701)  2:  [1], 0
byte(1702)  2:  [1], 0
byte(1703)  2:  [1], 0
byte(1704)  2:  [1], 0
byte(1705)  2:  [1], 0
byte(1706)  2:  [1], 0
byte(1707)  2:  [1], 0
byte(1708)  2:  [1], 0
byte(1709)  2:  [1], 0
byte(1710)  1:  [1], 0
byte(1711)  1:  [0], 0
byte(1712)  1:  [0], 0
byte(1713)  1:  [0], 0
byte(1714)  1:  [0], 0
byte(1715)  1:  [0], 0
byte(1716)  1:  [0], 0
byte(1717)  1:  [0], 0
byte(1718)  1:  [0], 0
byte(1719)  1:  [0], 0
byte(1720)  1:  [0], 0
byte(1721)  1:  [0], 0
byte(1722)  1:  [0], 0
byte(1723)  1:  [0], 0
byte(1724)  1:  [0], 0
byte(1725)  1:  [0], 0
byte(1726)  1:  [0], 0
byte(1727)  1:  [0], 0
byte(1728)  1:  [0], 0
byte(1729)  1:  [0], 0
byte(1730)  1:  [0], 0
byte(1731)  1:  [0], 0
byte(1732)  1:  [0], 0
byte(1733)  1:  [0], 0
byte(1734)  1:  [0], 0
byte(1735)  1:  [0], 0
byte(1736)  1:  [0], 0
byte(1737)  1:  [0], 0
byte(1738)  1:  [0], 0
byte(1739)  1:  [0], 0
byte(1740)  1:  [0], 0
byte(1741)  1:  [0], 0
byte(1742)  1:  [0], 0
byte(1743)  1:  [0], 0
byte(1744)  1:  [0], 0
byte(1745)  1:  [0], 0
byte(1746)  1:  [0], 0
byte(1747)  1:  [0], 0
byte(1748)  1:  [0], 0
byte(1749)  1:  [0], 0
byte(1750)  1:  [0], 0
byte(1751)  1:  [0], 0
byte(1752)  1:  [0], 0
byte(1753)  1:  [0], 0
byte(1754)  1:  [0], 0
byte(1755)  1:  [0], 0
byte(1756)  1:  [0], 0
byte(1757)  1:  [0], 0
byte(1758)  1:  [0], 0
byte(1759)  1:  [0], 0
byte(1760)  1:  [0], 0
byte(1761)  1:  [0], 0
byte(1762)  1:  [0], 0
byte(1763)  1:  [0], 0
byte(1764)  1:  [0], 0
byte(1765)  1:  [0], 0
byte(1766)  1:  [0], 0
byte(1767)  1:  [0], 0
byte(1768)  1:  [0], 0
byte(1769)  1:  [0], 0
byte(1770)  1:  [0], 0
byte(1771)  1:  [0], 0
byte(1772)  1:  [0], 0
byte(1773)  1:  [0], 0
byte(1774)  1:  [0], 0
byte(1775)  1:  [0], 0
byte(1776)  1:  [0], 0
byte(1777)  1:  [0], 0
byte(1778)  1:  [0], 0
byte(1779)  1:  [0], 0
byte(1780)  1:  [0], 0
byte(1781)  1:  [0], 0
byte(1782)  1:  [0], 0
byte(1783)  1:  [0], 0
byte(1784)  1:  [0], 0
byte(1785)  1:  [0], 0
byte(1786)  1:  [0], 0
byte(1787)  1:  [0], 0
byte(1788)  1:  [0], 0
byte(1789)  1:  [0], 0
byte(1790)  1:  [0], 0
byte(1791)  1:  [0], 0
byte(1792)  1:  [0], 0
byte(1793)  1:  [0], 0
byte(1794)  1:  [0], 0
byte(1795)  1:  [0], 0
byte(1796)  1:  [0], 0
byte(1797)  1:  [0], 0
byte(1798)  1:  [0], 0
byte(1799)  1:  [0], 0
byte(1800)  1:  [0], 0
byte(1801)  1:  [0], 0
byte(1802)  1:  [0], 0
byte(1803)  1:  [0], 0
byte(1804)  1:  [0], 0
byte(1805)  1:  [0], 0
byte(1806)  1:  [0], 0
byte(1807)  1:  [0], 0
byte(1808)  1:  [0], 0
byte(1809)  1:  [0], 0
byte(1810)  1:  [0], 0
byte(1811)  1:  [0], 0
byte(1812)  1:  [0], 0
byte(1813)  1:  [0], 0
byte(1814)  1:  [0], 0
byte(1815)  1:  [0], 0
byte(1816)  1:  [0], 0
byte(1817)  1:  [0], 0
byte(1818)  1:  [0], 0
byte(1819)  1:  [0], 0
byte(1820)  1:  [0], 0
byte(1821)  1:  [0], 0
byte(1822)  1:  [0], 0
byte(1823)  1:  [0], 0
byte(1824)  1:  [0], 0
byte(1825)  1:  [0], 0
byte(1826)  1:  [0], 0
byte(1827)  1:  [0], 0
byte(1828)  1:  [0], 0
byte(1829)  1:  [0], 0
byte(1830)  1:  [0], 0
byte(1831)  1:  [0], 0
byte(1832)  1:  [0], 0
byte(1833)  1:  [0], 0
byte(1834)  1:  [0], 0
byte(1835)  1:  [0], 0
byte(1836)  1:  [0], 0
byte(1837)  1:  [0], 0
byte(1838)  1:  [0], 0
byte(1839)  1:  [0], 0
byte(1840)  1:  [0], 0
byte(1841)  1:  [0], 0
byte(1842)  1:  [0], 0
byte(1843)  1:  [0], 0
byte(1844)  1:  [0], 0
byte(1845)  1:  [0], 0
byte(1846)  1:  [0], 0
byte(1847)  1:  [0], 0
byte(1848)  1:  [0], 0
byte(1849)  1:  [0], 0
byte(1850)  1:  [0], 0
byte(1851)  1:  [0], 0
byte(1852)  1:  [0], 0
byte(1853)  1:  [0], 0
byte(1854)  1:  [0], 0
byte(1855)  1:  [0], 0
byte(1856)  1:  [0], 0
byte(1857)  1:  [0], 0
byte(1858)  1:  [0], 0
byte(1859)  1:  [0], 0
byte(1860)  1:  [0], 0
byte(1861)  1:  [0], 0
byte(1862)  1:  [0], 0
byte(1863)  1:  [0], 0
byte(1864)  1:  [0], 0
byte(1865)  1:  [0], 0
byte(1866)  1:  [0], 0
byte(1867)  1:  [0], 0
byte(1868)  1:  [0], 0
byte(1869)  1:  [0], 0
byte(1870)  1:  [0], 0
byte(1871)  1:  [0], 0
byte(1872)  1:  [0], 0
byte(1873)  1:  [0], 0
byte(1874)  1:  [0], 0
byte(1875)  1:  [0], 0
byte(1876)  1:  [0], 0
byte(1877)  1:  [0], 0
byte(1878)  1:  [0], 0
byte(1879)  1:  [0], 0
byte(1880)  1:  [0], 0
byte(1881)  1:  [0], 0
byte(1882)  1:  [0], 0
byte(1883)  1:  [0], 0
byte(1884)  1:  [0], 0
byte(1885)  1:  [0], 0
byte(1886)  1:  [0], 0
byte(1887)  1:  [0], 0
byte(1888)  1:  [0], 0
byte(1889)  1:  [0], 0
byte(1890)  1:  [0], 0
byte(1891)  1:  [0], 0
byte(1892)  1:  [0], 0
byte(1893)  1:  [0], 0
byte(1894)  1:  [0], 0
byte(1895)  1:  [0], 0
byte(1896)  1:  [0], 0
byte(1897)  1:  [0], 0
byte(1898)  1:  [0], 0
byte(1899)  1:  [0], 0
byte(1900)  1:  [0], 0
byte(1901)  1:  [0], 0
byte(1902)  1:  [0], 0
byte(1903)  1:  [0], 0
byte(1904)  1:  [0], 0
byte(1905)  1:  [0], 0
byte(1906)  1:  [0], 0
byte(1907)  1:  [0], 0
byte(1908)  1:  [0], 0
byte(1909)  1:  [0], 0
byte(1910)  1:  [0], 0
byte(1911)  1:  [0], 0
byte(1912)  1:  [0], 0
byte(1913)  1:  [0], 0
byte(1914)  1:  [0], 0
byte(1915)  1:  [0], 0
byte(1916)  1:  [0], 0
byte(1917)  1:  [0], 0
byte(1918)  1:  [0], 0
byte(1919)  1:  [0], 0
byte(1920)  1:  [0], 0
byte(1921)  1:  [0], 0
byte(1922)  1:  [0], 0
byte(1923)  1:  [0], 0
byte(1924)  1:  [0], 0
byte(1925)  1:  [0], 0
byte(1926)  1:  [0], 0
byte(1927)  1:  [0], 0
byte(1928)  1:  [0], 0
byte(1929)  1:  [0], 0
byte(1930)  1:  [0], 0
byte(1931)  1:  [0], 0
byte(1932)  1:  [0], 0
byte(1933)  1:  [0], 0
byte(1934)  1:  [0], 0
byte(1935)  1:  [0], 0
byte(1936)  1:  [0], 0
byte(1937)  1:  [0], 0
byte(1938)  1:  [0], 0
byte(1939)  1:  [0], 0
byte(1940)  1:  [0], 0
byte(1941)  1:  [0], 0
byte(1942)  1:  [0], 0
byte(1943)  1:  [0], 0
byte(1944)  1:  [0], 0
byte(1945)  1:  [0], 0
byte(1946)  1:  [0], 0
byte(1947)  1:  [0], 0
byte(1948)  1:  [0], 0
byte(1949)  1:  [0], 0
byte(1950)  1:  [0], 0
byte(1951)  1:  [0], 0
byte(1952)  1:  [0], 0
byte(1953)  1:  [0], 0
byte(1954)  1:  [0], 0
byte(1955)  1:  [0], 0
byte(1956)  1:  [0], 0
byte(1957)  1:  [0], 0
byte(1958)  1:  [0], 0
byte(1959)  1:  [0], 0
byte(1960)  1:  [0], 0
byte(1961)  1:  [0], 0
byte(1962)  1:  [0], 0
byte(1963)  1:  [0], 0
byte(1964)  1:  [0], 0
byte(1965)  1:  [0], 0
byte(1966)  1:  [0], 0
byte(1967)  1:  [0], 0
byte(1968)  1:  [0], 0
byte(1969)  1:  [0], 0
byte(1970)  1:  [0], 0
byte(1971)  1:  [0], 0
byte(1972)  1:  [0], 0
byte(1973)  1:  [0], 0
byte(1974)  1:  [0], 0
byte(1975)  1:  [0], 0
byte(1976)  1:  [0], 0
byte(1977)  1:  [0], 0
byte(1978)  1:  [0], 0
byte(1979)  1:  [0], 0
byte(1980)  1:  [0], 0
byte(1981)  1:  [0], 0
byte(1982)  1:  [0], 0
byte(1983)  1:  [0], 0
byte(1984)  1:  [0], 0
byte(1985)  1:  [0], 0
byte(1986)  1:  [0], 0
byte(1987)  1:  [0], 0
byte(1988)  1:  [0], 0
byte(1989)  1:  [0], 0
byte(1990)  1:  [0], 0
byte(1991)  1:  [0], 0
byte(1992)  1:  [0], 0
byte(1993)  1:  [0], 0
byte(1994)  1:  [0], 0
byte(1995)  1:  [0], 0
byte(1996)  1:  [0], 0
byte(1997)  1:  [0], 0
byte(1998)  1:  [0], 0
byte(1999)  1:  [0], 0
byte(2000)  1:  [0], 0
byte(2001)  1:  [0], 0
byte(2002)  1:  [0], 0
byte(2003)  1:  [0], 0
byte(2004)  1:  [0], 0
byte(2005)  1:  [0], 0
byte(2006)  1:  [0], 0
byte(2007)  1:  [0], 0
byte(2008)  1:  [0], 0
byte(2009)  1:  [0], 0
byte(2010)  1:  [0], 0
byte(2011)  1:  [0], 0
byte(2012)  1:  [0], 0
byte(2013)  1:  [0], 0
byte(2014)  1:  [0], 0
byte(2015)  1:  [0], 0
byte(2016)  1:  [0], 0
byte(2017)  1:  [0], 0
byte(2018)  1:  [0], 0
byte(2019)  1:  [0], 0
byte(2020)  1:  [0], 0
byte(2021)  1:  [0], 0
byte(2022)  1:  [0], 0
byte(2023)  1:  [0], 0
byte(2024)  1:  [0], 0
byte(2025)  1:  [0], 0
byte(2026)  1:  [0], 0
byte(2027)  1:  [0], 0
byte(2028)  1:  [0], 0
byte(2029)  1:  [0], 0
byte(2030)  1:  [0], 0
byte(2031)  1:  [0], 0
byte(2032)  1:  [0], 0
byte(2033)  1:  [0], 0
byte(2034)  1:  [0], 0
byte(2035)  1:  [0], 0
byte(2036)  1:  [0], 0
byte(2037)  1:  [0], 0
byte(2038)  1:  [0], 0
byte(2039)  1:  [0], 0
byte(2040)  1:  [0], 0
byte(2041)  1:  [0], 0
byte(2042)  1:  [0], 0
byte(2043)  1:  [0], 0
byte(2044)  1:  [0], 0
byte(2045)  1:  [0], 0
byte(2046)  1:  [0], 0
byte(2047)  1:  [0], 0
byte(2048)  1:  [0], 0
byte(2049)  1:  [0], 0
byte(2050)  1:  [0], 0
byte(2051)  1:  [0], 0
byte(2052)  1:  [0], 0
byte(2053)  1:  [0], 0
byte(2054)  1:  [0], 0
byte(2055)  1:  [0], 0
byte(2056)  1:  [0], 0
byte(2057)  1:  [0], 0
byte(2058)  1:  [0], 0
byte(2059)  1:  [0], 0
byte(2060)  1:  [0], 0
byte(2061)  1:  [0], 0
byte(2062)  1:  [0], 0
byte(2063)  1:  [0], 0
byte(2064)  1:  [0], 0
byte(2065)  1:  [0], 0
byte(2066)  1:  [0], 0
byte(2067)  1:  [0], 0
byte(2068)  1:  [0], 0
byte(2069)  1:  [0], 0
byte(2070)  1:  [0], 0
byte(2071)  1:  [0], 0
byte(2072)  1:  [0], 0
byte(2073)  1:  [0], 0
byte(2074)  1:  [0], 0
byte(2075)  1:  [0], 0
byte(2076)  1:  [0], 0
byte(2077)  1:  [0], 0
byte(2078)  1:  [0], 0
byte(2079)  1:  [0], 0
byte(2080)  1:  [0], 0
byte(2081)  1:  [0], 0
byte(2082)  1:  [0], 0
byte(2083)  1:  [0], 0
byte(2084)  1:  [0], 0
byte(2085)  1:  [0], 0
byte(2086)  1:  [0], 0
byte(2087)  1:  [0], 0
byte(2088)  1:  [0], 0
byte(2089)  1:  [0], 0
byte(2090)  1:  [0], 0
byte(2091)  1:  [0], 0
byte(2092)  1:  [0], 0
byte(2093)  1:  [0], 0
byte(2094)  1:  [0], 0
byte(2095)  1:  [0], 0
byte(2096)  1:  [0], 0
byte(2097)  1:  [0], 0
byte(2098)  1:  [0], 0
byte(2099)  1:  [0], 0
byte(2100)  1:  [0], 0
byte(2101)  1:  [0], 0
byte(2102)  1:  [0], 0
byte(2103)  1:  [0], 0
byte(2104)  1:  [0], 0
byte(2105)  1:  [0], 0
byte(2106)  1:  [0], 0
byte(2107)  1:  [0], 0
byte(2108)  1:  [0], 0
byte(2109)  1:  [0], 0
byte(2110)  1:  [0], 0
byte(2111)  1:  [0], 0
byte(2112)  1:  [0], 0
byte(2113)  1:  [0], 0
byte(2114)  1:  [0], 0
byte(2115)  1:  [0], 0
byte(2116)  1:  [0], 0
byte(2117)  1:  [0], 0
byte(2118)  1:  [0], 0
byte(2119)  1:  [0], 0
byte(2120)  1:  [0], 0
byte(2121)  1:  [0], 0
byte(2122)  1:  [0], 0
byte(2123)  1:  [0], 0
byte(2124)  1:  [0], 0
byte(2125)  1:  [0], 0
byte(2126)  1:  [0], 0
byte(2127)  1:  [0], 0
byte(2128)  1:  [0], 0
byte(2129)  1:  [0], 0
byte(2130)  1:  [0], 0
byte(2131)  1:  [0], 0
byte(2132)  1:  [0], 0
byte(2133)  1:  [0], 0
byte(2134)  1:  [0], 0
byte(2135)  1:  [0], 0
byte(2136)  1:  [0], 0
byte(2137)  1:  [0], 0
byte(2138)  1:  [0], 0
byte(2139)  1:  [0], 0
byte(2140)  1:  [0], 0
byte(2141)  1:  [0], 0
byte(2142)  1:  [0], 0
byte(2143)  1:  [0], 0
byte(2144)  1:  [0], 0
byte(2145)  1:  [0], 0
byte(2146)  1:  [0], 0
byte(2147)  1:  [0], 0
byte(2148)  1:  [0], 0
byte(2149)  1:  [0], 0
byte(2150)  1:  [0], 0
byte(2151)  1:  [0], 0
byte(2152)  1:  [0], 0
byte(2153)  1:  [0], 0
byte(2154)  1:  [0], 0
byte(2155)  1:  [0], 0
byte(2156)  1:  [0], 0
byte(2157)  1:  [0], 0
byte(2158)  1:  [0], 0
byte(2159)  1:  [0], 0
byte(2160)  1:  [0], 0
byte(2161)  1:  [0], 0
byte(2162)  1:  [0], 0
byte(2163)  1:  [0], 0
byte(2164)  1:  [0], 0
byte(2165)  1:  [0], 0
byte(2166)  1:  [0], 0
byte(2167)  1:  [0], 0
byte(2168)  1:  [0], 0
byte(2169)  1:  [0], 0
byte(2170)  1:  [0], 0
byte(2171)  1:  [0], 0
byte(2172)  1:  [0], 0
byte(2173)  1:  [0], 0
byte(2174)  1:  [0], 0
byte(2175)  1:  [0], 0
byte(2176)  1:  [0], 0
byte(2177)  1:  [0], 0
byte(2178)  1:  [0], 0
byte(2179)  1:  [0], 0
byte(2180)  1:  [0], 0
byte(2181)  1:  [0], 0
byte(2182)  1:  [0], 0
byte(2183)  1:  [0], 0
byte(2184)  1:  [0], 0
byte(2185)  1:  [0], 0
byte(2186)  1:  [0], 0
byte(2187)  1:  [0], 0
byte(2188)  1:  [0], 0
byte(2189)  1:  [0], 0
byte(2190)  1:  [0], 0
byte(2191)  1:  [0], 0
byte(2192)  1:  [0], 0
byte(2193)  1:  [0], 0
byte(2194)  1:  [0], 0
byte(2195)  1:  [0], 0
byte(2196)  1:  [0], 0
byte(2197)  1:  [0], 0
byte(2198)  1:  [0], 0
byte(2199)  1:  [0], 0
byte(2200)  1:  [0], 0
byte(2201)  1:  [0], 0
byte(2202)  1:  [0], 0
byte(2203)  1:  [0], 0
byte(2204)  1:  [0], 0
byte(2205)  1:  [0], 0
byte(2206)  1:  [0], 0
byte(2207)  1:  [0], 0
byte(2208)  1:  [0], 0
byte(2209)  1:  [0], 0
byte(2210)  1:  [0], 0
byte(2211)  1:  [0], 0
byte(2212)  1:  [0], 0
byte(2213)  1:  [0], 0
byte(2214)  1:  [0], 0
byte(2215)  1:  [0], 0
byte(2216)  1:  [0], 0
byte(2217)  1:  [0], 0
byte(2218)  1:  [0], 0
byte(2219)  1:  [0], 0
byte(2220)  1:  [0], 0
byte(2221)  1:  [0], 0
byte(2222)  1:  [0], 0
byte(2223)  1:  [0], 0
byte(2224)  1:  [0], 0
byte(2225)  1:  [0], 0
byte(2226)  1:  [0], 0
byte(2227)  1:  [0], 0
byte(2228)  1:  [0], 0
byte(2229)  1:  [0], 0
byte(2230)  1:  [0], 0
byte(2231)  1:  [0], 0
byte(2232)  1:  [0], 0
byte(2233)  1:  [0], 0
byte(2234)  1:  [0], 0
byte(2235)  1:  [0], 0
byte(2236)  1:  [0], 0
byte(2237)  1:  [0], 0
byte(2238)  1:  [0], 0
byte(2239)  1:  [0], 0
byte(2240)  1:  [0], 0
byte(2241)  1:  [0], 0
byte(2242)  1:  [0], 0
byte(2243)  1:  [0], 0
byte(2244)  1:  [0], 0
byte(2245)  1:  [0], 0
byte(2246)  1:  [0], 0
byte(2247)  1:  [0], 0
byte(2248)  1:  [0], 0
byte(2249)  1:  [0], 0
byte(2250)  1:  [0], 0
byte(2251)  1:  [0], 0
byte(2252)  1:  [0], 0
byte(2253)  1:  [0], 0
byte(2254)  1:  [0], 0
byte(2255)  1:  [0], 0
byte(2256)  1:  [0], 0
byte(2257)  1:  [0], 0
byte(2258)  1:  [0], 0
byte(2259)  1:  [0], 0
byte(2260)  1:  [0], 0
byte(2261)  1:  [0], 0
byte(2262)  1:  [0], 0
byte(2263)  1:  [0], 0
byte(2264)  1:  [0], 0
INFO: [SIM 1] CSim done with 0 errors.
