INFO: [XSIM 43-3496] Using init file passed via -initfile option "/opt/Xilinx/Vivado/2016.2/bin/../data/xsim/ip/xsim_ip.ini".
Vivado Simulator 2016.2
Copyright 1986-1999, 2001-2016 Xilinx, Inc. All Rights Reserved.
Running: /opt/Xilinx/Vivado/2016.2/bin/unwrapped/lnx64.o/xelab xil_defaultlib.apatb_frameSIPO_top -prj frameSIPO.prj --initfile /opt/Xilinx/Vivado/2016.2/bin/../data/xsim/ip/xsim_ip.ini --lib ieee_proposed=./ieee_proposed -s frameSIPO 
Multi-threading is on. Using 6 slave threads.
Determining compilation order of HDL files.
WARNING: [XSIM 43-3431] One or more environment variables have been detected which affect the operation of the C compiler. These are typically not set in standard installations and are not tested by Xilinx, however they may be appropriate for your system, so the flow will attempt to continue.  If errors occur, try running fuse with the "-mt off -v 1" switches to see more information from the C compiler. The following environment variables have been detected:
INFO: [VRFC 10-163] Analyzing VHDL file "/home/brett/workspace/Vivado_WS/pie_hls/solution1/sim/vhdl/AESL_sim_pkg.vhd" into library xil_defaultlib
INFO: [VRFC 10-163] Analyzing VHDL file "/home/brett/workspace/Vivado_WS/pie_hls/solution1/sim/vhdl/AESL_axi_s_headerData_V_dest_MAC_V.vhd" into library xil_defaultlib
INFO: [VRFC 10-307] analyzing entity AESL_axi_s_headerData_V_dest_MAC_V
INFO: [VRFC 10-163] Analyzing VHDL file "/home/brett/workspace/Vivado_WS/pie_hls/solution1/sim/vhdl/AESL_axi_s_inData.vhd" into library xil_defaultlib
INFO: [VRFC 10-307] analyzing entity AESL_axi_s_inData
INFO: [VRFC 10-163] Analyzing VHDL file "/home/brett/workspace/Vivado_WS/pie_hls/solution1/sim/vhdl/AESL_axi_s_headerData_V_src_MAC_V.vhd" into library xil_defaultlib
INFO: [VRFC 10-307] analyzing entity AESL_axi_s_headerData_V_src_MAC_V
INFO: [VRFC 10-163] Analyzing VHDL file "/home/brett/workspace/Vivado_WS/pie_hls/solution1/sim/vhdl/AESL_axi_s_headerData_V_ethertype_V.vhd" into library xil_defaultlib
INFO: [VRFC 10-307] analyzing entity AESL_axi_s_headerData_V_ethertype_V
INFO: [VRFC 10-163] Analyzing VHDL file "/home/brett/workspace/Vivado_WS/pie_hls/solution1/sim/vhdl/frameSIPO.autotb.vhd" into library xil_defaultlib
INFO: [VRFC 10-307] analyzing entity apatb_frameSIPO_top
INFO: [VRFC 10-163] Analyzing VHDL file "/home/brett/workspace/Vivado_WS/pie_hls/solution1/sim/vhdl/frameSIPO.vhd" into library xil_defaultlib
INFO: [VRFC 10-307] analyzing entity frameSIPO
Starting static elaboration
WARNING: [VRFC 10-1303] range is empty (null range) [/proj/xhdhdstaff2/tapodyu/XsimWork/data/vhdl/src/ieee/distributable/numeric_std.vhd:3462]
WARNING: [VRFC 10-1303] range is empty (null range) [/proj/xhdhdstaff2/tapodyu/XsimWork/data/vhdl/src/ieee/distributable/numeric_std.vhd:3462]
Completed static elaboration
Starting simulation data flow analysis
Completed simulation data flow analysis
Time Resolution for simulation is 1ps
Compiling package std.standard
Compiling package ieee.std_logic_1164
Compiling package ieee.std_logic_arith
Compiling package ieee.std_logic_unsigned
Compiling package ieee.numeric_std
Compiling package std.textio
Compiling package ieee.std_logic_textio
Compiling architecture behav of entity xil_defaultlib.frameSIPO [framesipo_default]
Compiling architecture behav of entity xil_defaultlib.AESL_axi_s_inData [aesl_axi_s_indata_default]
Compiling architecture behav of entity xil_defaultlib.AESL_axi_s_headerData_V_src_MAC_V [aesl_axi_s_headerdata_v_src_mac_...]
Compiling architecture behav of entity xil_defaultlib.AESL_axi_s_headerData_V_dest_MAC_V [aesl_axi_s_headerdata_v_dest_mac...]
Compiling architecture behav of entity xil_defaultlib.AESL_axi_s_headerData_V_ethertype_V [aesl_axi_s_headerdata_v_ethertyp...]
Compiling architecture behav of entity xil_defaultlib.apatb_framesipo_top
Built simulation snapshot frameSIPO
