#-----------------------------------------------------------
# xsim v2016.2 (64-bit)
# SW Build 1577090 on Thu Jun  2 16:32:35 MDT 2016
# IP Build 1577682 on Fri Jun  3 12:00:54 MDT 2016
# Start of session at: Fri Sep  2 09:35:40 2016
# Process ID: 12162
# Current directory: /home/brett/workspace/Vivado_WS/pie_hls/solution1/sim/vhdl
# Command line: xsim -mode tcl -source {xsim.dir/frameSIPO/xsim_script.tcl}
# Log file: /home/brett/workspace/Vivado_WS/pie_hls/solution1/sim/vhdl/xsim.log
# Journal file: /home/brett/workspace/Vivado_WS/pie_hls/solution1/sim/vhdl/xsim.jou
#-----------------------------------------------------------
source xsim.dir/frameSIPO/xsim_script.tcl
# xsim {frameSIPO} -autoloadwcfg -tclbatch {frameSIPO.tcl}
Vivado Simulator 2016.2
Time resolution is 1 ps
source frameSIPO.tcl
## run all
Note: simulation done!
Time: 18284 ns  Iteration: 1  Process: /apatb_frameSIPO_top/generate_sim_done_proc  File: /home/brett/workspace/Vivado_WS/pie_hls/solution1/sim/vhdl/frameSIPO.autotb.vhd
Failure: NORMAL EXIT (note: failure is to force the simulator to stop)
Time: 18284 ns  Iteration: 1  Process: /apatb_frameSIPO_top/generate_sim_done_proc  File: /home/brett/workspace/Vivado_WS/pie_hls/solution1/sim/vhdl/frameSIPO.autotb.vhd
$finish called at time : 18284 ns
## quit
INFO: [Common 17-206] Exiting xsim at Fri Sep  2 09:35:42 2016...
